Log file open, 09/20/20 02:48:02
LogInit: Display: Running engine for game: Shooter
LogPlatformFile: Not using cached read wrapper
LogTaskGraph: Started task graph with 5 named threads and 20 total threads with 3 sets of task threads.
LogStats: Stats thread started at 0.151425
LogD3D11RHI: Loaded GFSDK_Aftermath_Lib.x64.dll
LogICUInternationalization: ICU TimeZone Detection - Raw Offset: +0:00, Platform Override: ''
LogPluginManager: Mounting plugin Paper2D
LogPluginManager: Mounting plugin AISupport
LogPluginManager: Mounting plugin LightPropagationVolume
LogPluginManager: Mounting plugin CameraShakePreviewer
LogPluginManager: Mounting plugin ActorLayerUtilities
LogPluginManager: Mounting plugin AnimationSharing
LogPluginManager: Mounting plugin CLionSourceCodeAccess
LogPluginManager: Mounting plugin CodeLiteSourceCodeAccess
LogPluginManager: Mounting plugin GitSourceControl
LogPluginManager: Mounting plugin KDevelopSourceCodeAccess
LogPluginManager: Mounting plugin NullSourceCodeAccess
LogPluginManager: Mounting plugin PerforceSourceControl
LogPluginManager: Mounting plugin PlasticSourceControl
LogPluginManager: Mounting plugin RiderSourceCodeAccess
LogPluginManager: Mounting plugin SubversionSourceControl
LogPluginManager: Mounting plugin UObjectPlugin
LogPluginManager: Mounting plugin VisualStudioCodeSourceCodeAccess
LogPluginManager: Mounting plugin VisualStudioSourceCodeAccess
LogPluginManager: Mounting plugin XCodeSourceCodeAccess
LogPluginManager: Mounting plugin AssetManagerEditor
LogPluginManager: Mounting plugin CryptoKeys
LogPluginManager: Mounting plugin CurveEditorTools
LogPluginManager: Mounting plugin DataValidation
LogPluginManager: Mounting plugin EditorScriptingUtilities
LogPluginManager: Mounting plugin FacialAnimation
LogPluginManager: Mounting plugin GameplayTagsEditor
LogPluginManager: Mounting plugin GeometryMode
LogPluginManager: Mounting plugin MacGraphicsSwitching
LogPluginManager: Mounting plugin MaterialAnalyzer
LogPluginManager: Mounting plugin MobileLauncherProfileWizard
LogPluginManager: Mounting plugin PluginBrowser
LogPluginManager: Mounting plugin SpeedTreeImporter
LogPluginManager: Mounting plugin DatasmithContent
LogPluginManager: Mounting plugin VariantManagerContent
LogPluginManager: Mounting plugin AlembicImporter
LogPluginManager: Mounting plugin AutomationUtils
LogPluginManager: Mounting plugin BackChannel
LogPluginManager: Mounting plugin ChaosCloth
LogPluginManager: Mounting plugin ChaosClothEditor
LogPluginManager: Mounting plugin ChaosEditor
LogPluginManager: Mounting plugin ChaosNiagara
LogPluginManager: Mounting plugin ChaosSolverPlugin
LogPluginManager: Mounting plugin CharacterAI
LogPluginManager: Mounting plugin GeometryCache
LogPluginManager: Mounting plugin GeometryCollectionPlugin
LogPluginManager: Mounting plugin GeometryProcessing
LogPluginManager: Mounting plugin Landmass
LogPluginManager: Mounting plugin PlanarCut
LogPluginManager: Mounting plugin PlatformCrypto
LogPluginManager: Mounting plugin ProxyLODPlugin
LogPluginManager: Mounting plugin PythonScriptPlugin
LogPluginManager: Mounting plugin SkeletalReduction
LogPluginManager: Mounting plugin Niagara
LogPluginManager: Mounting plugin MagicLeap
LogPluginManager: Mounting plugin MagicLeapLightEstimation
LogPluginManager: Mounting plugin MagicLeapMedia
LogPluginManager: Mounting plugin MagicLeapPassableWorld
LogPluginManager: Mounting plugin MLSDK
LogPluginManager: Mounting plugin AndroidMedia
LogPluginManager: Mounting plugin AvfMedia
LogPluginManager: Mounting plugin ImgMedia
LogPluginManager: Mounting plugin MediaCompositing
LogPluginManager: Mounting plugin MediaPlayerEditor
LogPluginManager: Mounting plugin WebMMedia
LogPluginManager: Mounting plugin WmfMedia
LogPluginManager: Mounting plugin MegascansPlugin
LogPluginManager: Mounting plugin MeshPainting
LogPluginManager: Mounting plugin TcpMessaging
LogPluginManager: Mounting plugin UdpMessaging
LogPluginManager: Mounting plugin ActorSequence
LogPluginManager: Mounting plugin LevelSequenceEditor
LogPluginManager: Mounting plugin MatineeToLevelSequence
LogPluginManager: Mounting plugin MovieRenderPipeline
LogPluginManager: Mounting plugin TemplateSequence
LogPluginManager: Mounting plugin NetcodeUnitTest
LogPluginManager: Mounting plugin NUTUnrealEngine4
LogPluginManager: Mounting plugin OnlineSubsystemGooglePlay
LogPluginManager: Mounting plugin OnlineSubsystemIOS
LogPluginManager: Mounting plugin OnlineSubsystem
LogPluginManager: Mounting plugin OnlineSubsystemNull
LogPluginManager: Mounting plugin OnlineSubsystemUtils
LogPluginManager: Mounting plugin LauncherChunkInstaller
LogPluginManager: Mounting plugin AndroidDeviceProfileSelector
LogPluginManager: Mounting plugin AndroidMoviePlayer
LogPluginManager: Mounting plugin AndroidPermission
LogPluginManager: Mounting plugin AppleImageUtils
LogPluginManager: Mounting plugin AppleMoviePlayer
LogPluginManager: Mounting plugin ArchVisCharacter
LogPluginManager: Mounting plugin AssetTags
LogPluginManager: Mounting plugin AudioCapture
LogPluginManager: Mounting plugin CableComponent
LogPluginManager: Mounting plugin CustomMeshComponent
LogPluginManager: Mounting plugin EditableMesh
LogPluginManager: Mounting plugin ExampleDeviceProfileSelector
LogPluginManager: Mounting plugin GoogleCloudMessaging
LogPluginManager: Mounting plugin GooglePAD
LogPluginManager: Mounting plugin IOSDeviceProfileSelector
LogPluginManager: Mounting plugin LinuxDeviceProfileSelector
LogPluginManager: Mounting plugin LocationServicesBPLibrary
LogPluginManager: Mounting plugin MobilePatchingUtils
LogPluginManager: Mounting plugin OculusVR
LogPluginManager: Mounting plugin PhysXVehicles
LogPluginManager: Mounting plugin PostSplashScreen
LogPluginManager: Mounting plugin ProceduralMeshComponent
LogPluginManager: Mounting plugin RuntimePhysXCooking
LogPluginManager: Mounting plugin SignificanceManager
LogPluginManager: Mounting plugin SoundFields
LogPluginManager: Mounting plugin SteamVR
LogPluginManager: Mounting plugin Synthesis
LogPluginManager: Mounting plugin WebMMoviePlayer
LogPluginManager: Mounting plugin WindowsMoviePlayer
LogPluginManager: Mounting plugin ScreenshotTools
LogInit: Using libcurl 7.55.1-DEV
LogInit:  - built for x86_64-pc-win32
LogInit:  - supports SSL with OpenSSL/1.1.1
LogInit:  - supports HTTP deflate (compression) using libz 1.2.8
LogInit:  - other features:
LogInit:      CURL_VERSION_SSL
LogInit:      CURL_VERSION_LIBZ
LogInit:      CURL_VERSION_IPV6
LogInit:      CURL_VERSION_ASYNCHDNS
LogInit:      CURL_VERSION_LARGEFILE
LogInit:      CURL_VERSION_IDN
LogInit:  CurlRequestOptions (configurable via config and command line):
LogInit:  - bVerifyPeer = true  - Libcurl will verify peer certificate
LogInit:  - bUseHttpProxy = false  - Libcurl will NOT use HTTP proxy
LogInit:  - bDontReuseConnections = false  - Libcurl will reuse connections
LogInit:  - MaxHostConnections = 16  - Libcurl will limit the number of connections to a host
LogInit:  - LocalHostAddr = Default
LogInit:  - BufferSize = 65536
LogOnline: OSS: Creating online subsystem instance for: NULL
LogInit: WinSock: version 1.1 (2.2), MaxSocks=32767, MaxUdp=65467
LogOnline: OSS: TryLoadSubsystemAndSetDefault: Loaded subsystem for module [NULL]
LogInit: Build: ++UE4+Release-4.25-CL-13942748
LogInit: Engine Version: 4.25.3-13942748+++UE4+Release-4.25
LogInit: Compatible Engine Version: 4.25.0-13144385+++UE4+Release-4.25
LogInit: Net CL: 13144385
LogInit: OS: Windows 10 (Release 1909) (), CPU: Intel(R) Core(TM) i5-9600K CPU @ 3.70GHz, GPU: NVIDIA GeForce GTX 1660 SUPER
LogInit: Compiled (64-bit): Jul 25 2020 02:07:48
LogInit: Compiled with Visual C++: 19.24.28315.00
LogInit: Build Configuration: Development
LogInit: Branch Name: ++UE4+Release-4.25
LogInit: Command Line:  -EpicPortal -epicusername=FoxxFull -epicuserid=90316643ac40454896beedf212dea061 -epiclocale=en
LogInit: Base Directory: E:/Games/UE_4.25/Engine/Binaries/Win64/
LogInit: Allocator: TBB
LogInit: Installed Engine Build: 1
LogDevObjectVersion: Number of dev versions registered: 26
LogDevObjectVersion:   Dev-Blueprints (B0D832E4-1F89-4F0D-ACCF-7EB736FD4AA2): 10
LogDevObjectVersion:   Dev-Build (E1C64328-A22C-4D53-A36C-8E866417BD8C): 0
LogDevObjectVersion:   Dev-Core (375EC13C-06E4-48FB-B500-84F0262A717E): 4
LogDevObjectVersion:   Dev-Editor (E4B068ED-F494-42E9-A231-DA0B2E46BB41): 38
LogDevObjectVersion:   Dev-Framework (CFFC743F-43B0-4480-9391-14DF171D2073): 37
LogDevObjectVersion:   Dev-Mobile (B02B49B5-BB20-44E9-A304-32B752E40360): 2
LogDevObjectVersion:   Dev-Networking (A4E4105C-59A1-49B5-A7C5-40C4547EDFEE): 0
LogDevObjectVersion:   Dev-Online (39C831C9-5AE6-47DC-9A44-9C173E1C8E7C): 0
LogDevObjectVersion:   Dev-Physics (78F01B33-EBEA-4F98-B9B4-84EACCB95AA2): 4
LogDevObjectVersion:   Dev-Platform (6631380F-2D4D-43E0-8009-CF276956A95A): 0
LogDevObjectVersion:   Dev-Rendering (12F88B9F-8875-4AFC-A67C-D90C383ABD29): 43
LogDevObjectVersion:   Dev-Sequencer (7B5AE74C-D270-4C10-A958-57980B212A5A): 12
LogDevObjectVersion:   Dev-VR (D7296918-1DD6-4BDD-9DE2-64A83CC13884): 3
LogDevObjectVersion:   Dev-LoadTimes (C2A15278-BFE7-4AFE-6C17-90FF531DF755): 1
LogDevObjectVersion:   Private-Geometry (6EACA3D4-40EC-4CC1-B786-8BED09428FC5): 3
LogDevObjectVersion:   Dev-AnimPhys (29E575DD-E0A3-4627-9D10-D276232CDCEA): 17
LogDevObjectVersion:   Dev-Anim (AF43A65D-7FD3-4947-9873-3E8ED9C1BB05): 7
LogDevObjectVersion:   Dev-ReflectionCapture (6B266CEC-1EC7-4B8F-A30B-E4D90942FC07): 1
LogDevObjectVersion:   Dev-Automation (0DF73D61-A23F-47EA-B727-89E90C41499A): 1
LogDevObjectVersion:   FortniteMain (601D1886-AC64-4F84-AA16-D3DE0DEAC7D6): 31
LogDevObjectVersion:   Dev-Enterprise (9DFFBCD6-494F-0158-E221-12823C92A888): 10
LogDevObjectVersion:   Dev-Niagara (F2AED0AC-9AFE-416F-8664-AA7FFA26D6FC): 1
LogDevObjectVersion:   Dev-Destruction (174F1F0B-B4C6-45A5-B13F-2EE8D0FB917D): 10
LogDevObjectVersion:   Dev-Physics-Ext (35F94A83-E258-406C-A318-09F59610247C): 37
LogDevObjectVersion:   Dev-PhysicsMaterial-Chaos (B68FC16E-8B1B-42E2-B453-215C058844FE): 1
LogDevObjectVersion:   Dev-CineCamera (B2E18506-4273-CFC2-A54E-F4BB758BBA07): 1
LogInit: Presizing for max 25165824 objects, including 0 objects not considered by GC, pre-allocating 0 bytes for permanent pool.
LogConfig: Applying CVar settings from Section [/Script/Engine.StreamingSettings] File [C:/Users/realf/Documents/Unreal Projects/Shooter/Saved/Config/Windows/Engine.ini]
LogConfig: Setting CVar [[s.MinBulkDataSizeForAsyncLoading:131072]]
LogConfig: Setting CVar [[s.AsyncLoadingThreadEnabled:0]]
LogConfig: Setting CVar [[s.EventDrivenLoaderEnabled:1]]
LogConfig: Setting CVar [[s.WarnIfTimeLimitExceeded:0]]
LogConfig: Setting CVar [[s.TimeLimitExceededMultiplier:1.5]]
LogConfig: Setting CVar [[s.TimeLimitExceededMinTime:0.005]]
LogConfig: Setting CVar [[s.UseBackgroundLevelStreaming:1]]
LogConfig: Setting CVar [[s.PriorityAsyncLoadingExtraTime:15.0]]
LogConfig: Setting CVar [[s.LevelStreamingActorsUpdateTimeLimit:5.0]]
LogConfig: Setting CVar [[s.PriorityLevelStreamingActorsUpdateExtraTime:5.0]]
LogConfig: Setting CVar [[s.LevelStreamingComponentsRegistrationGranularity:10]]
LogConfig: Setting CVar [[s.UnregisterComponentsTimeLimit:1.0]]
LogConfig: Setting CVar [[s.LevelStreamingComponentsUnregistrationGranularity:5]]
LogConfig: Setting CVar [[s.FlushStreamingOnExit:1]]
LogInit: Object subsystem initialized
LogConfig: Setting CVar [[con.DebugEarlyDefault:1]]
LogConfig: Setting CVar [[r.setres:1280x720]]
[2020.09.20-01.48.03:073][  0]LogConfig: Setting CVar [[r.VSync:0]]
[2020.09.20-01.48.03:073][  0]LogConfig: Setting CVar [[r.RHICmdBypass:0]]
[2020.09.20-01.48.03:073][  0]LogConfig: Applying CVar settings from Section [/Script/Engine.RendererSettings] File [C:/Users/realf/Documents/Unreal Projects/Shooter/Saved/Config/Windows/Engine.ini]
[2020.09.20-01.48.03:073][  0]LogConfig: Setting CVar [[r.GPUCrashDebugging:0]]
[2020.09.20-01.48.03:073][  0]LogConfig: Applying CVar settings from Section [/Script/Engine.RendererOverrideSettings] File [C:/Users/realf/Documents/Unreal Projects/Shooter/Saved/Config/Windows/Engine.ini]
[2020.09.20-01.48.03:073][  0]LogConfig: Applying CVar settings from Section [/Script/Engine.StreamingSettings] File [C:/Users/realf/Documents/Unreal Projects/Shooter/Saved/Config/Windows/Engine.ini]
[2020.09.20-01.48.03:073][  0]LogConfig: Setting CVar [[s.MinBulkDataSizeForAsyncLoading:131072]]
[2020.09.20-01.48.03:073][  0]LogConfig: Setting CVar [[s.AsyncLoadingThreadEnabled:0]]
[2020.09.20-01.48.03:073][  0]LogConfig: Setting CVar [[s.EventDrivenLoaderEnabled:1]]
[2020.09.20-01.48.03:073][  0]LogConfig: Setting CVar [[s.WarnIfTimeLimitExceeded:0]]
[2020.09.20-01.48.03:073][  0]LogConfig: Setting CVar [[s.TimeLimitExceededMultiplier:1.5]]
[2020.09.20-01.48.03:073][  0]LogConfig: Setting CVar [[s.TimeLimitExceededMinTime:0.005]]
[2020.09.20-01.48.03:073][  0]LogConfig: Setting CVar [[s.UseBackgroundLevelStreaming:1]]
[2020.09.20-01.48.03:073][  0]LogConfig: Setting CVar [[s.PriorityAsyncLoadingExtraTime:15.0]]
[2020.09.20-01.48.03:073][  0]LogConfig: Setting CVar [[s.LevelStreamingActorsUpdateTimeLimit:5.0]]
[2020.09.20-01.48.03:073][  0]LogConfig: Setting CVar [[s.PriorityLevelStreamingActorsUpdateExtraTime:5.0]]
[2020.09.20-01.48.03:073][  0]LogConfig: Setting CVar [[s.LevelStreamingComponentsRegistrationGranularity:10]]
[2020.09.20-01.48.03:073][  0]LogConfig: Setting CVar [[s.UnregisterComponentsTimeLimit:1.0]]
[2020.09.20-01.48.03:073][  0]LogConfig: Setting CVar [[s.LevelStreamingComponentsUnregistrationGranularity:5]]
[2020.09.20-01.48.03:073][  0]LogConfig: Setting CVar [[s.FlushStreamingOnExit:1]]
[2020.09.20-01.48.03:073][  0]LogConfig: Applying CVar settings from Section [/Script/Engine.GarbageCollectionSettings] File [C:/Users/realf/Documents/Unreal Projects/Shooter/Saved/Config/Windows/Engine.ini]
[2020.09.20-01.48.03:073][  0]LogConfig: Setting CVar [[gc.MaxObjectsNotConsideredByGC:1]]
[2020.09.20-01.48.03:073][  0]LogConfig: Setting CVar [[gc.SizeOfPermanentObjectPool:0]]
[2020.09.20-01.48.03:073][  0]LogConfig: Setting CVar [[gc.FlushStreamingOnGC:0]]
[2020.09.20-01.48.03:073][  0]LogConfig: Setting CVar [[gc.NumRetriesBeforeForcingGC:10]]
[2020.09.20-01.48.03:073][  0]LogConfig: Setting CVar [[gc.AllowParallelGC:1]]
[2020.09.20-01.48.03:073][  0]LogConfig: Setting CVar [[gc.TimeBetweenPurgingPendingKillObjects:61.1]]
[2020.09.20-01.48.03:073][  0]LogConfig: Setting CVar [[gc.MaxObjectsInEditor:25165824]]
[2020.09.20-01.48.03:073][  0]LogConfig: Setting CVar [[gc.IncrementalBeginDestroyEnabled:1]]
[2020.09.20-01.48.03:073][  0]LogConfig: Setting CVar [[gc.CreateGCClusters:1]]
[2020.09.20-01.48.03:073][  0]LogConfig: Setting CVar [[gc.MinGCClusterSize:5]]
[2020.09.20-01.48.03:073][  0]LogConfig: Setting CVar [[gc.ActorClusteringEnabled:0]]
[2020.09.20-01.48.03:073][  0]LogConfig: Setting CVar [[gc.BlueprintClusteringEnabled:0]]
[2020.09.20-01.48.03:073][  0]LogConfig: Setting CVar [[gc.UseDisregardForGCOnDedicatedServers:0]]
[2020.09.20-01.48.03:073][  0]LogConfig: Applying CVar settings from Section [/Script/Engine.NetworkSettings] File [C:/Users/realf/Documents/Unreal Projects/Shooter/Saved/Config/Windows/Engine.ini]
[2020.09.20-01.48.03:073][  0]LogConfig: Applying CVar settings from Section [/Script/UnrealEd.CookerSettings] File [C:/Users/realf/Documents/Unreal Projects/Shooter/Saved/Config/Windows/Engine.ini]
[2020.09.20-01.48.03:076][  0]LogConfig: Applying CVar settings from Section [ViewDistanceQuality@3] File [C:/Users/realf/Documents/Unreal Projects/Shooter/Saved/Config/Windows/Scalability.ini]
[2020.09.20-01.48.03:076][  0]LogConfig: Setting CVar [[r.SkeletalMeshLODBias:0]]
[2020.09.20-01.48.03:076][  0]LogConfig: Setting CVar [[r.ViewDistanceScale:1.0]]
[2020.09.20-01.48.03:076][  0]LogConfig: Applying CVar settings from Section [AntiAliasingQuality@3] File [C:/Users/realf/Documents/Unreal Projects/Shooter/Saved/Config/Windows/Scalability.ini]
[2020.09.20-01.48.03:076][  0]LogConfig: Setting CVar [[r.PostProcessAAQuality:4]]
[2020.09.20-01.48.03:076][  0]LogConfig: Applying CVar settings from Section [ShadowQuality@3] File [C:/Users/realf/Documents/Unreal Projects/Shooter/Saved/Config/Windows/Scalability.ini]
[2020.09.20-01.48.03:076][  0]LogConfig: Setting CVar [[r.LightFunctionQuality:1]]
[2020.09.20-01.48.03:077][  0]LogConfig: Setting CVar [[r.ShadowQuality:5]]
[2020.09.20-01.48.03:077][  0]LogConfig: Setting CVar [[r.Shadow.CSM.MaxCascades:10]]
[2020.09.20-01.48.03:077][  0]LogConfig: Setting CVar [[r.Shadow.MaxResolution:2048]]
[2020.09.20-01.48.03:077][  0]LogConfig: Setting CVar [[r.Shadow.MaxCSMResolution:2048]]
[2020.09.20-01.48.03:077][  0]LogConfig: Setting CVar [[r.Shadow.RadiusThreshold:0.01]]
[2020.09.20-01.48.03:077][  0]LogConfig: Setting CVar [[r.Shadow.DistanceScale:1.0]]
[2020.09.20-01.48.03:077][  0]LogConfig: Setting CVar [[r.Shadow.CSM.TransitionScale:1.0]]
[2020.09.20-01.48.03:077][  0]LogConfig: Setting CVar [[r.Shadow.PreShadowResolutionFactor:1.0]]
[2020.09.20-01.48.03:077][  0]LogConfig: Setting CVar [[r.DistanceFieldShadowing:1]]
[2020.09.20-01.48.03:077][  0]LogConfig: Setting CVar [[r.DistanceFieldAO:1]]
[2020.09.20-01.48.03:077][  0]LogConfig: Setting CVar [[r.AOQuality:2]]
[2020.09.20-01.48.03:077][  0]LogConfig: Setting CVar [[r.VolumetricFog:1]]
[2020.09.20-01.48.03:077][  0]LogConfig: Setting CVar [[r.VolumetricFog.GridPixelSize:8]]
[2020.09.20-01.48.03:077][  0]LogConfig: Setting CVar [[r.VolumetricFog.GridSizeZ:128]]
[2020.09.20-01.48.03:077][  0]LogConfig: Setting CVar [[r.VolumetricFog.HistoryMissSupersampleCount:4]]
[2020.09.20-01.48.03:077][  0]LogConfig: Setting CVar [[r.LightMaxDrawDistanceScale:1]]
[2020.09.20-01.48.03:077][  0]LogConfig: Setting CVar [[r.CapsuleShadows:1]]
[2020.09.20-01.48.03:077][  0]LogConfig: Applying CVar settings from Section [PostProcessQuality@3] File [C:/Users/realf/Documents/Unreal Projects/Shooter/Saved/Config/Windows/Scalability.ini]
[2020.09.20-01.48.03:077][  0]LogConfig: Setting CVar [[r.MotionBlurQuality:4]]
[2020.09.20-01.48.03:077][  0]LogConfig: Setting CVar [[r.AmbientOcclusionMipLevelFactor:0.4]]
[2020.09.20-01.48.03:077][  0]LogConfig: Setting CVar [[r.AmbientOcclusionMaxQuality:100]]
[2020.09.20-01.48.03:077][  0]LogConfig: Setting CVar [[r.AmbientOcclusionLevels:-1]]
[2020.09.20-01.48.03:077][  0]LogConfig: Setting CVar [[r.AmbientOcclusionRadiusScale:1.0]]
[2020.09.20-01.48.03:077][  0]LogConfig: Setting CVar [[r.DepthOfFieldQuality:2]]
[2020.09.20-01.48.03:077][  0]LogConfig: Setting CVar [[r.RenderTargetPoolMin:400]]
[2020.09.20-01.48.03:077][  0]LogConfig: Setting CVar [[r.LensFlareQuality:2]]
[2020.09.20-01.48.03:077][  0]LogConfig: Setting CVar [[r.SceneColorFringeQuality:1]]
[2020.09.20-01.48.03:077][  0]LogConfig: Setting CVar [[r.EyeAdaptationQuality:2]]
[2020.09.20-01.48.03:077][  0]LogConfig: Setting CVar [[r.BloomQuality:5]]
[2020.09.20-01.48.03:077][  0]LogConfig: Setting CVar [[r.FastBlurThreshold:100]]
[2020.09.20-01.48.03:077][  0]LogConfig: Setting CVar [[r.Upscale.Quality:3]]
[2020.09.20-01.48.03:077][  0]LogConfig: Setting CVar [[r.Tonemapper.GrainQuantization:1]]
[2020.09.20-01.48.03:077][  0]LogConfig: Setting CVar [[r.LightShaftQuality:1]]
[2020.09.20-01.48.03:077][  0]LogConfig: Setting CVar [[r.Filter.SizeScale:1]]
[2020.09.20-01.48.03:077][  0]LogConfig: Setting CVar [[r.Tonemapper.Quality:5]]
[2020.09.20-01.48.03:077][  0]LogConfig: Setting CVar [[r.DOF.Gather.AccumulatorQuality:1        ; higher gathering accumulator quality]]
[2020.09.20-01.48.03:077][  0]LogConfig: Setting CVar [[r.DOF.Gather.PostfilterMethod:1          ; Median3x3 postfilering method]]
[2020.09.20-01.48.03:077][  0]LogConfig: Setting CVar [[r.DOF.Gather.EnableBokehSettings:0       ; no bokeh simulation when gathering]]
[2020.09.20-01.48.03:077][  0]LogConfig: Setting CVar [[r.DOF.Gather.RingCount:4                 ; medium number of samples when gathering]]
[2020.09.20-01.48.03:077][  0]LogConfig: Setting CVar [[r.DOF.Scatter.ForegroundCompositing:1    ; additive foreground scattering]]
[2020.09.20-01.48.03:077][  0]LogConfig: Setting CVar [[r.DOF.Scatter.BackgroundCompositing:2    ; additive background scattering]]
[2020.09.20-01.48.03:077][  0]LogConfig: Setting CVar [[r.DOF.Scatter.EnableBokehSettings:1      ; bokeh simulation when scattering]]
[2020.09.20-01.48.03:077][  0]LogConfig: Setting CVar [[r.DOF.Scatter.MaxSpriteRatio:0.1         ; only a maximum of 10% of scattered bokeh]]
[2020.09.20-01.48.03:077][  0]LogConfig: Setting CVar [[r.DOF.Recombine.Quality:1                ; cheap slight out of focus]]
[2020.09.20-01.48.03:077][  0]LogConfig: Setting CVar [[r.DOF.Recombine.EnableBokehSettings:0    ; no bokeh simulation on slight out of focus]]
[2020.09.20-01.48.03:077][  0]LogConfig: Setting CVar [[r.DOF.TemporalAAQuality:1                ; more stable temporal accumulation]]
[2020.09.20-01.48.03:077][  0]LogConfig: Setting CVar [[r.DOF.Kernel.MaxForegroundRadius:0.025]]
[2020.09.20-01.48.03:077][  0]LogConfig: Setting CVar [[r.DOF.Kernel.MaxBackgroundRadius:0.025]]
[2020.09.20-01.48.03:077][  0]LogConfig: Applying CVar settings from Section [TextureQuality@3] File [C:/Users/realf/Documents/Unreal Projects/Shooter/Saved/Config/Windows/Scalability.ini]
[2020.09.20-01.48.03:077][  0]LogConfig: Setting CVar [[r.Streaming.MipBias:0]]
[2020.09.20-01.48.03:077][  0]LogConfig: Setting CVar [[r.Streaming.AmortizeCPUToGPUCopy:0]]
[2020.09.20-01.48.03:077][  0]LogConfig: Setting CVar [[r.Streaming.MaxNumTexturesToStreamPerFrame:0]]
[2020.09.20-01.48.03:077][  0]LogConfig: Setting CVar [[r.Streaming.Boost:1]]
[2020.09.20-01.48.03:077][  0]LogConfig: Setting CVar [[r.MaxAnisotropy:8]]
[2020.09.20-01.48.03:077][  0]LogConfig: Setting CVar [[r.VT.MaxAnisotropy:8]]
[2020.09.20-01.48.03:077][  0]LogConfig: Setting CVar [[r.Streaming.LimitPoolSizeToVRAM:0]]
[2020.09.20-01.48.03:077][  0]LogConfig: Setting CVar [[r.Streaming.PoolSize:1000]]
[2020.09.20-01.48.03:077][  0]LogConfig: Setting CVar [[r.Streaming.MaxEffectiveScreenSize:0]]
[2020.09.20-01.48.03:077][  0]LogConfig: Applying CVar settings from Section [EffectsQuality@3] File [C:/Users/realf/Documents/Unreal Projects/Shooter/Saved/Config/Windows/Scalability.ini]
[2020.09.20-01.48.03:077][  0]LogConfig: Setting CVar [[r.TranslucencyLightingVolumeDim:64]]
[2020.09.20-01.48.03:077][  0]LogConfig: Setting CVar [[r.RefractionQuality:2]]
[2020.09.20-01.48.03:077][  0]LogConfig: Setting CVar [[r.SSR.Quality:3]]
[2020.09.20-01.48.03:077][  0]LogConfig: Setting CVar [[r.SSR.HalfResSceneColor:0]]
[2020.09.20-01.48.03:077][  0]LogConfig: Setting CVar [[r.SceneColorFormat:4]]
[2020.09.20-01.48.03:077][  0]LogConfig: Setting CVar [[r.DetailMode:2]]
[2020.09.20-01.48.03:077][  0]LogConfig: Setting CVar [[r.TranslucencyVolumeBlur:1]]
[2020.09.20-01.48.03:077][  0]LogConfig: Setting CVar [[r.MaterialQualityLevel:1 ; High quality]]
[2020.09.20-01.48.03:077][  0]LogConfig: Setting CVar [[r.SSS.Scale:1]]
[2020.09.20-01.48.03:077][  0]LogConfig: Setting CVar [[r.SSS.SampleSet:2]]
[2020.09.20-01.48.03:077][  0]LogConfig: Setting CVar [[r.SSS.Quality:1]]
[2020.09.20-01.48.03:077][  0]LogConfig: Setting CVar [[r.SSS.HalfRes:0]]
[2020.09.20-01.48.03:077][  0]LogConfig: Setting CVar [[r.SSGI.Quality:3]]
[2020.09.20-01.48.03:077][  0]LogConfig: Setting CVar [[r.EmitterSpawnRateScale:1.0]]
[2020.09.20-01.48.03:077][  0]LogConfig: Setting CVar [[r.ParticleLightQuality:2]]
[2020.09.20-01.48.03:077][  0]LogConfig: Setting CVar [[r.SkyAtmosphere.AerialPerspectiveLUT.FastApplyOnOpaque:1 ; Always have FastSkyLUT 1 in this case to avoid wrong sky]]
[2020.09.20-01.48.03:077][  0]LogConfig: Setting CVar [[r.SkyAtmosphere.AerialPerspectiveLUT.SampleCountPerSlice:1]]
[2020.09.20-01.48.03:077][  0]LogConfig: Setting CVar [[r.SkyAtmosphere.AerialPerspectiveLUT.DepthResolution:16.0]]
[2020.09.20-01.48.03:077][  0]LogConfig: Setting CVar [[r.SkyAtmosphere.FastSkyLUT:1]]
[2020.09.20-01.48.03:077][  0]LogConfig: Setting CVar [[r.SkyAtmosphere.FastSkyLUT.SampleCountMin:4.0]]
[2020.09.20-01.48.03:077][  0]LogConfig: Setting CVar [[r.SkyAtmosphere.FastSkyLUT.SampleCountMax:32.0]]
[2020.09.20-01.48.03:077][  0]LogConfig: Setting CVar [[r.SkyAtmosphere.SampleCountMin:4.0]]
[2020.09.20-01.48.03:077][  0]LogConfig: Setting CVar [[r.SkyAtmosphere.SampleCountMax:32.0]]
[2020.09.20-01.48.03:077][  0]LogConfig: Setting CVar [[r.SkyAtmosphere.TransmittanceLUT.UseSmallFormat:0]]
[2020.09.20-01.48.03:077][  0]LogConfig: Setting CVar [[r.SkyAtmosphere.TransmittanceLUT.SampleCount:10.0]]
[2020.09.20-01.48.03:077][  0]LogConfig: Setting CVar [[r.SkyAtmosphere.MultiScatteringLUT.SampleCount:15.0]]
[2020.09.20-01.48.03:077][  0]LogConfig: Applying CVar settings from Section [FoliageQuality@3] File [C:/Users/realf/Documents/Unreal Projects/Shooter/Saved/Config/Windows/Scalability.ini]
[2020.09.20-01.48.03:077][  0]LogConfig: Setting CVar [[foliage.DensityScale:1.0]]
[2020.09.20-01.48.03:077][  0]LogConfig: Setting CVar [[grass.DensityScale:1.0]]
[2020.09.20-01.48.03:077][  0]LogConfig: Applying CVar settings from Section [ShadingQuality@3] File [C:/Users/realf/Documents/Unreal Projects/Shooter/Saved/Config/Windows/Scalability.ini]
[2020.09.20-01.48.03:077][  0]LogConfig: Setting CVar [[r.HairStrands.SkyLighting.SampleCount:16]]
[2020.09.20-01.48.03:077][  0]LogConfig: Setting CVar [[r.HairStrands.SkyLighting.JitterIntegration:0]]
[2020.09.20-01.48.03:077][  0]LogConfig: Setting CVar [[r.HairStrands.SkyAO.SampleCount:16]]
[2020.09.20-01.48.03:077][  0]LogConfig: Setting CVar [[r.HairStrands.DeepShadow.SuperSampling:0]]
[2020.09.20-01.48.03:077][  0]LogConfig: Setting CVar [[r.HairStrands.VisibilityPPLL:0]]
[2020.09.20-01.48.03:077][  0]LogConfig: Setting CVar [[r.HairStrands.RasterizationScale:0.5]]
[2020.09.20-01.48.03:077][  0]LogConfig: Setting CVar [[r.HairStrands.VelocityRasterizationScale:1]]
[2020.09.20-01.48.03:078][  0]LogInit: Selected Device Profile: [Windows]
[2020.09.20-01.48.03:078][  0]LogInit: Applying CVar settings loaded from the selected device profile: [Windows]
[2020.09.20-01.48.03:078][  0]LogHAL: Display: Platform has ~ 16 GB [17116467200 / 17179869184 / 16], which maps to Larger [LargestMinGB=32, LargerMinGB=12, DefaultMinGB=8, SmallerMinGB=6, SmallestMinGB=0)
[2020.09.20-01.48.03:078][  0]LogInit: Going up to parent DeviceProfile []
[2020.09.20-01.48.03:078][  0]LogConfig: Applying CVar settings from Section [ViewDistanceQuality@3] File [C:/Users/realf/Documents/Unreal Projects/Shooter/Saved/Config/Windows/Scalability.ini]
[2020.09.20-01.48.03:078][  0]LogConfig: Setting CVar [[r.SkeletalMeshLODBias:0]]
[2020.09.20-01.48.03:078][  0]LogConfig: Setting CVar [[r.ViewDistanceScale:1.0]]
[2020.09.20-01.48.03:078][  0]LogConfig: Applying CVar settings from Section [AntiAliasingQuality@3] File [C:/Users/realf/Documents/Unreal Projects/Shooter/Saved/Config/Windows/Scalability.ini]
[2020.09.20-01.48.03:078][  0]LogConfig: Setting CVar [[r.PostProcessAAQuality:4]]
[2020.09.20-01.48.03:078][  0]LogConfig: Applying CVar settings from Section [ShadowQuality@3] File [C:/Users/realf/Documents/Unreal Projects/Shooter/Saved/Config/Windows/Scalability.ini]
[2020.09.20-01.48.03:078][  0]LogConfig: Setting CVar [[r.LightFunctionQuality:1]]
[2020.09.20-01.48.03:078][  0]LogConfig: Setting CVar [[r.ShadowQuality:5]]
[2020.09.20-01.48.03:078][  0]LogConfig: Setting CVar [[r.Shadow.CSM.MaxCascades:10]]
[2020.09.20-01.48.03:078][  0]LogConfig: Setting CVar [[r.Shadow.MaxResolution:2048]]
[2020.09.20-01.48.03:078][  0]LogConfig: Setting CVar [[r.Shadow.MaxCSMResolution:2048]]
[2020.09.20-01.48.03:078][  0]LogConfig: Setting CVar [[r.Shadow.RadiusThreshold:0.01]]
[2020.09.20-01.48.03:078][  0]LogConfig: Setting CVar [[r.Shadow.DistanceScale:1.0]]
[2020.09.20-01.48.03:078][  0]LogConfig: Setting CVar [[r.Shadow.CSM.TransitionScale:1.0]]
[2020.09.20-01.48.03:078][  0]LogConfig: Setting CVar [[r.Shadow.PreShadowResolutionFactor:1.0]]
[2020.09.20-01.48.03:078][  0]LogConfig: Setting CVar [[r.DistanceFieldShadowing:1]]
[2020.09.20-01.48.03:078][  0]LogConfig: Setting CVar [[r.DistanceFieldAO:1]]
[2020.09.20-01.48.03:078][  0]LogConfig: Setting CVar [[r.AOQuality:2]]
[2020.09.20-01.48.03:078][  0]LogConfig: Setting CVar [[r.VolumetricFog:1]]
[2020.09.20-01.48.03:078][  0]LogConfig: Setting CVar [[r.VolumetricFog.GridPixelSize:8]]
[2020.09.20-01.48.03:078][  0]LogConfig: Setting CVar [[r.VolumetricFog.GridSizeZ:128]]
[2020.09.20-01.48.03:078][  0]LogConfig: Setting CVar [[r.VolumetricFog.HistoryMissSupersampleCount:4]]
[2020.09.20-01.48.03:078][  0]LogConfig: Setting CVar [[r.LightMaxDrawDistanceScale:1]]
[2020.09.20-01.48.03:078][  0]LogConfig: Setting CVar [[r.CapsuleShadows:1]]
[2020.09.20-01.48.03:078][  0]LogConfig: Applying CVar settings from Section [PostProcessQuality@3] File [C:/Users/realf/Documents/Unreal Projects/Shooter/Saved/Config/Windows/Scalability.ini]
[2020.09.20-01.48.03:078][  0]LogConfig: Setting CVar [[r.MotionBlurQuality:4]]
[2020.09.20-01.48.03:078][  0]LogConfig: Setting CVar [[r.AmbientOcclusionMipLevelFactor:0.4]]
[2020.09.20-01.48.03:078][  0]LogConfig: Setting CVar [[r.AmbientOcclusionMaxQuality:100]]
[2020.09.20-01.48.03:078][  0]LogConfig: Setting CVar [[r.AmbientOcclusionLevels:-1]]
[2020.09.20-01.48.03:078][  0]LogConfig: Setting CVar [[r.AmbientOcclusionRadiusScale:1.0]]
[2020.09.20-01.48.03:078][  0]LogConfig: Setting CVar [[r.DepthOfFieldQuality:2]]
[2020.09.20-01.48.03:078][  0]LogConfig: Setting CVar [[r.RenderTargetPoolMin:400]]
[2020.09.20-01.48.03:078][  0]LogConfig: Setting CVar [[r.LensFlareQuality:2]]
[2020.09.20-01.48.03:078][  0]LogConfig: Setting CVar [[r.SceneColorFringeQuality:1]]
[2020.09.20-01.48.03:078][  0]LogConfig: Setting CVar [[r.EyeAdaptationQuality:2]]
[2020.09.20-01.48.03:078][  0]LogConfig: Setting CVar [[r.BloomQuality:5]]
[2020.09.20-01.48.03:078][  0]LogConfig: Setting CVar [[r.FastBlurThreshold:100]]
[2020.09.20-01.48.03:078][  0]LogConfig: Setting CVar [[r.Upscale.Quality:3]]
[2020.09.20-01.48.03:078][  0]LogConfig: Setting CVar [[r.Tonemapper.GrainQuantization:1]]
[2020.09.20-01.48.03:078][  0]LogConfig: Setting CVar [[r.LightShaftQuality:1]]
[2020.09.20-01.48.03:078][  0]LogConfig: Setting CVar [[r.Filter.SizeScale:1]]
[2020.09.20-01.48.03:078][  0]LogConfig: Setting CVar [[r.Tonemapper.Quality:5]]
[2020.09.20-01.48.03:078][  0]LogConfig: Setting CVar [[r.DOF.Gather.AccumulatorQuality:1        ; higher gathering accumulator quality]]
[2020.09.20-01.48.03:078][  0]LogConfig: Setting CVar [[r.DOF.Gather.PostfilterMethod:1          ; Median3x3 postfilering method]]
[2020.09.20-01.48.03:078][  0]LogConfig: Setting CVar [[r.DOF.Gather.EnableBokehSettings:0       ; no bokeh simulation when gathering]]
[2020.09.20-01.48.03:078][  0]LogConfig: Setting CVar [[r.DOF.Gather.RingCount:4                 ; medium number of samples when gathering]]
[2020.09.20-01.48.03:078][  0]LogConfig: Setting CVar [[r.DOF.Scatter.ForegroundCompositing:1    ; additive foreground scattering]]
[2020.09.20-01.48.03:078][  0]LogConfig: Setting CVar [[r.DOF.Scatter.BackgroundCompositing:2    ; additive background scattering]]
[2020.09.20-01.48.03:078][  0]LogConfig: Setting CVar [[r.DOF.Scatter.EnableBokehSettings:1      ; bokeh simulation when scattering]]
[2020.09.20-01.48.03:078][  0]LogConfig: Setting CVar [[r.DOF.Scatter.MaxSpriteRatio:0.1         ; only a maximum of 10% of scattered bokeh]]
[2020.09.20-01.48.03:078][  0]LogConfig: Setting CVar [[r.DOF.Recombine.Quality:1                ; cheap slight out of focus]]
[2020.09.20-01.48.03:078][  0]LogConfig: Setting CVar [[r.DOF.Recombine.EnableBokehSettings:0    ; no bokeh simulation on slight out of focus]]
[2020.09.20-01.48.03:078][  0]LogConfig: Setting CVar [[r.DOF.TemporalAAQuality:1                ; more stable temporal accumulation]]
[2020.09.20-01.48.03:078][  0]LogConfig: Setting CVar [[r.DOF.Kernel.MaxForegroundRadius:0.025]]
[2020.09.20-01.48.03:078][  0]LogConfig: Setting CVar [[r.DOF.Kernel.MaxBackgroundRadius:0.025]]
[2020.09.20-01.48.03:078][  0]LogConfig: Applying CVar settings from Section [TextureQuality@3] File [C:/Users/realf/Documents/Unreal Projects/Shooter/Saved/Config/Windows/Scalability.ini]
[2020.09.20-01.48.03:078][  0]LogConfig: Setting CVar [[r.Streaming.MipBias:0]]
[2020.09.20-01.48.03:078][  0]LogConfig: Setting CVar [[r.Streaming.AmortizeCPUToGPUCopy:0]]
[2020.09.20-01.48.03:078][  0]LogConfig: Setting CVar [[r.Streaming.MaxNumTexturesToStreamPerFrame:0]]
[2020.09.20-01.48.03:078][  0]LogConfig: Setting CVar [[r.Streaming.Boost:1]]
[2020.09.20-01.48.03:078][  0]LogConfig: Setting CVar [[r.MaxAnisotropy:8]]
[2020.09.20-01.48.03:078][  0]LogConfig: Setting CVar [[r.VT.MaxAnisotropy:8]]
[2020.09.20-01.48.03:079][  0]LogConfig: Setting CVar [[r.Streaming.LimitPoolSizeToVRAM:0]]
[2020.09.20-01.48.03:079][  0]LogConfig: Setting CVar [[r.Streaming.PoolSize:1000]]
[2020.09.20-01.48.03:079][  0]LogConfig: Setting CVar [[r.Streaming.MaxEffectiveScreenSize:0]]
[2020.09.20-01.48.03:079][  0]LogConfig: Applying CVar settings from Section [EffectsQuality@3] File [C:/Users/realf/Documents/Unreal Projects/Shooter/Saved/Config/Windows/Scalability.ini]
[2020.09.20-01.48.03:079][  0]LogConfig: Setting CVar [[r.TranslucencyLightingVolumeDim:64]]
[2020.09.20-01.48.03:079][  0]LogConfig: Setting CVar [[r.RefractionQuality:2]]
[2020.09.20-01.48.03:079][  0]LogConfig: Setting CVar [[r.SSR.Quality:3]]
[2020.09.20-01.48.03:079][  0]LogConfig: Setting CVar [[r.SSR.HalfResSceneColor:0]]
[2020.09.20-01.48.03:079][  0]LogConfig: Setting CVar [[r.SceneColorFormat:4]]
[2020.09.20-01.48.03:079][  0]LogConfig: Setting CVar [[r.DetailMode:2]]
[2020.09.20-01.48.03:079][  0]LogConfig: Setting CVar [[r.TranslucencyVolumeBlur:1]]
[2020.09.20-01.48.03:079][  0]LogConfig: Setting CVar [[r.MaterialQualityLevel:1 ; High quality]]
[2020.09.20-01.48.03:079][  0]LogConfig: Setting CVar [[r.SSS.Scale:1]]
[2020.09.20-01.48.03:079][  0]LogConfig: Setting CVar [[r.SSS.SampleSet:2]]
[2020.09.20-01.48.03:079][  0]LogConfig: Setting CVar [[r.SSS.Quality:1]]
[2020.09.20-01.48.03:079][  0]LogConfig: Setting CVar [[r.SSS.HalfRes:0]]
[2020.09.20-01.48.03:079][  0]LogConfig: Setting CVar [[r.SSGI.Quality:3]]
[2020.09.20-01.48.03:079][  0]LogConfig: Setting CVar [[r.EmitterSpawnRateScale:1.0]]
[2020.09.20-01.48.03:079][  0]LogConfig: Setting CVar [[r.ParticleLightQuality:2]]
[2020.09.20-01.48.03:079][  0]LogConfig: Setting CVar [[r.SkyAtmosphere.AerialPerspectiveLUT.FastApplyOnOpaque:1 ; Always have FastSkyLUT 1 in this case to avoid wrong sky]]
[2020.09.20-01.48.03:079][  0]LogConfig: Setting CVar [[r.SkyAtmosphere.AerialPerspectiveLUT.SampleCountPerSlice:1]]
[2020.09.20-01.48.03:079][  0]LogConfig: Setting CVar [[r.SkyAtmosphere.AerialPerspectiveLUT.DepthResolution:16.0]]
[2020.09.20-01.48.03:079][  0]LogConfig: Setting CVar [[r.SkyAtmosphere.FastSkyLUT:1]]
[2020.09.20-01.48.03:079][  0]LogConfig: Setting CVar [[r.SkyAtmosphere.FastSkyLUT.SampleCountMin:4.0]]
[2020.09.20-01.48.03:079][  0]LogConfig: Setting CVar [[r.SkyAtmosphere.FastSkyLUT.SampleCountMax:32.0]]
[2020.09.20-01.48.03:079][  0]LogConfig: Setting CVar [[r.SkyAtmosphere.SampleCountMin:4.0]]
[2020.09.20-01.48.03:079][  0]LogConfig: Setting CVar [[r.SkyAtmosphere.SampleCountMax:32.0]]
[2020.09.20-01.48.03:079][  0]LogConfig: Setting CVar [[r.SkyAtmosphere.TransmittanceLUT.UseSmallFormat:0]]
[2020.09.20-01.48.03:079][  0]LogConfig: Setting CVar [[r.SkyAtmosphere.TransmittanceLUT.SampleCount:10.0]]
[2020.09.20-01.48.03:079][  0]LogConfig: Setting CVar [[r.SkyAtmosphere.MultiScatteringLUT.SampleCount:15.0]]
[2020.09.20-01.48.03:079][  0]LogConfig: Applying CVar settings from Section [FoliageQuality@3] File [C:/Users/realf/Documents/Unreal Projects/Shooter/Saved/Config/Windows/Scalability.ini]
[2020.09.20-01.48.03:079][  0]LogConfig: Setting CVar [[foliage.DensityScale:1.0]]
[2020.09.20-01.48.03:079][  0]LogConfig: Setting CVar [[grass.DensityScale:1.0]]
[2020.09.20-01.48.03:079][  0]LogConfig: Applying CVar settings from Section [ShadingQuality@3] File [C:/Users/realf/Documents/Unreal Projects/Shooter/Saved/Config/Windows/Scalability.ini]
[2020.09.20-01.48.03:079][  0]LogConfig: Setting CVar [[r.HairStrands.SkyLighting.SampleCount:16]]
[2020.09.20-01.48.03:079][  0]LogConfig: Setting CVar [[r.HairStrands.SkyLighting.JitterIntegration:0]]
[2020.09.20-01.48.03:079][  0]LogConfig: Setting CVar [[r.HairStrands.SkyAO.SampleCount:16]]
[2020.09.20-01.48.03:079][  0]LogConfig: Setting CVar [[r.HairStrands.DeepShadow.SuperSampling:0]]
[2020.09.20-01.48.03:079][  0]LogConfig: Setting CVar [[r.HairStrands.VisibilityPPLL:0]]
[2020.09.20-01.48.03:079][  0]LogConfig: Setting CVar [[r.HairStrands.RasterizationScale:0.5]]
[2020.09.20-01.48.03:079][  0]LogConfig: Setting CVar [[r.HairStrands.VelocityRasterizationScale:1]]
[2020.09.20-01.48.03:079][  0]LogConfig: Applying CVar settings from Section [Startup] File [../../../Engine/Config/ConsoleVariables.ini]
[2020.09.20-01.48.03:079][  0]LogConfig: Setting CVar [[net.UseAdaptiveNetUpdateFrequency:0]]
[2020.09.20-01.48.03:079][  0]LogConfig: Setting CVar [[p.chaos.AllowCreatePhysxBodies:1]]
[2020.09.20-01.48.03:079][  0]LogConfig: Setting CVar [[fx.SkipVectorVMBackendOptimizations:1]]
[2020.09.20-01.48.03:079][  0]LogConfig: Applying CVar settings from Section [ConsoleVariables] File [C:/Users/realf/Documents/Unreal Projects/Shooter/Saved/Config/Windows/Engine.ini]
[2020.09.20-01.48.03:079][  0]LogInit: Computer: FOXICAL
[2020.09.20-01.48.03:079][  0]LogInit: User: realf
[2020.09.20-01.48.03:079][  0]LogInit: CPU Page size=4096, Cores=6
[2020.09.20-01.48.03:079][  0]LogInit: High frequency timer resolution =10.000000 MHz
[2020.09.20-01.48.03:079][  0]LogMemory: Memory total: Physical=15.9GB (16GB approx)
[2020.09.20-01.48.03:079][  0]LogMemory: Platform Memory Stats for Windows
[2020.09.20-01.48.03:079][  0]LogMemory: Process Physical Memory: 114.16 MB used, 114.16 MB peak
[2020.09.20-01.48.03:079][  0]LogMemory: Process Virtual Memory: 96.46 MB used, 96.46 MB peak
[2020.09.20-01.48.03:080][  0]LogMemory: Physical Memory: 7938.53 MB used,  8385.01 MB free, 16323.54 MB total
[2020.09.20-01.48.03:080][  0]LogMemory: Virtual Memory: 5141.59 MB used,  134212584.00 MB free, 134217728.00 MB total
[2020.09.20-01.48.03:083][  0]LogWindows: WindowsPlatformFeatures enabled
[2020.09.20-01.48.03:109][  0]LogInit: Physics initialised using underlying interface: PhysX
[2020.09.20-01.48.03:110][  0]LogInit: Using OS detected language (en-US).
[2020.09.20-01.48.03:110][  0]LogInit: Using OS detected locale (en-US).
[2020.09.20-01.48.03:111][  0]LogTextLocalizationManager: No specific localization for 'en-US' exists, so the 'en' localization will be used.
[2020.09.20-01.48.03:265][  0]LogInit: Setting process to per monitor DPI aware
[2020.09.20-01.48.03:291][  0]LogSlate: New Slate User Created.  User Index 0, Is Virtual User: 0
[2020.09.20-01.48.03:291][  0]LogSlate: Slate User Registered.  User Index 0, Is Virtual User: 0
[2020.09.20-01.48.03:388][  0]LogHMD: Failed to initialize OpenVR with code 110
[2020.09.20-01.48.03:388][  0]LogD3D11RHI: D3D11 min allowed feature level: 11_0
[2020.09.20-01.48.03:388][  0]LogD3D11RHI: D3D11 max allowed feature level: 11_0
[2020.09.20-01.48.03:388][  0]LogD3D11RHI: D3D11 adapters:
[2020.09.20-01.48.03:444][  0]LogD3D11RHI:    0. 'NVIDIA GeForce GTX 1660 SUPER' (Feature Level 11_0)
[2020.09.20-01.48.03:444][  0]LogD3D11RHI:       5991/0/8161 MB DedicatedVideo/DedicatedSystem/SharedSystem, Outputs:2, VendorId:0x10de
[2020.09.20-01.48.03:445][  0]LogD3D11RHI:    1. 'Microsoft Basic Render Driver' (Feature Level 11_0)
[2020.09.20-01.48.03:446][  0]LogD3D11RHI:       0/0/8161 MB DedicatedVideo/DedicatedSystem/SharedSystem, Outputs:0, VendorId:0x1414
[2020.09.20-01.48.03:446][  0]LogD3D11RHI: Chosen D3D11 Adapter: 0
[2020.09.20-01.48.03:451][  0]LogD3D11RHI: Creating new Direct3DDevice
[2020.09.20-01.48.03:452][  0]LogD3D11RHI:     GPU DeviceId: 0x21c4 (for the marketing name, search the web for "GPU Device Id")
[2020.09.20-01.48.03:452][  0]LogWindows: EnumDisplayDevices:
[2020.09.20-01.48.03:452][  0]LogWindows:    0. 'NVIDIA GeForce GTX 1660 SUPER' (P:1 D:1)
[2020.09.20-01.48.03:452][  0]LogWindows:    1. 'NVIDIA GeForce GTX 1660 SUPER' (P:0 D:1)
[2020.09.20-01.48.03:452][  0]LogWindows:    2. 'NVIDIA GeForce GTX 1660 SUPER' (P:0 D:0)
[2020.09.20-01.48.03:452][  0]LogWindows:    3. 'NVIDIA GeForce GTX 1660 SUPER' (P:0 D:0)
[2020.09.20-01.48.03:452][  0]LogWindows: DebugString: FoundDriverCount:4 
[2020.09.20-01.48.03:452][  0]LogD3D11RHI:     Adapter Name: NVIDIA GeForce GTX 1660 SUPER
[2020.09.20-01.48.03:452][  0]LogD3D11RHI:   Driver Version: 451.48 (internal:27.21.14.5148, unified:451.48)
[2020.09.20-01.48.03:452][  0]LogD3D11RHI:      Driver Date: 6-21-2020
[2020.09.20-01.48.03:452][  0]LogRHI: Texture pool is 4193 MB (70% of 5991 MB)
[2020.09.20-01.48.03:497][  0]LogD3D11RHI: RHI has support for 64 bit atomics
[2020.09.20-01.48.03:499][  0]LogD3D11RHI: [Aftermath] Enabled and primed
[2020.09.20-01.48.03:499][  0]LogD3D11RHI: Async texture creation enabled
[2020.09.20-01.48.03:499][  0]LogD3D11RHI: Array index from any shader is supported
[2020.09.20-01.48.03:530][  0]LogD3D11RHI: GPU Timing Frequency: 1000.000000 (Debug: 2 2)
[2020.09.20-01.48.03:756][  0]LogTargetPlatformManager: Display: Loaded TargetPlatform 'AllDesktop'
[2020.09.20-01.48.03:775][  0]LogTargetPlatformManager: Display: Loaded TargetPlatform 'Android'
[2020.09.20-01.48.03:775][  0]LogTargetPlatformManager: Display: Loaded TargetPlatform 'Android_ASTC'
[2020.09.20-01.48.03:775][  0]LogTargetPlatformManager: Display: Loaded TargetPlatform 'Android_DXT'
[2020.09.20-01.48.03:775][  0]LogTargetPlatformManager: Display: Loaded TargetPlatform 'Android_ETC2'
[2020.09.20-01.48.03:775][  0]LogTargetPlatformManager: Display: Loaded TargetPlatform 'AndroidClient'
[2020.09.20-01.48.03:775][  0]LogTargetPlatformManager: Display: Loaded TargetPlatform 'Android_ASTCClient'
[2020.09.20-01.48.03:775][  0]LogTargetPlatformManager: Display: Loaded TargetPlatform 'Android_DXTClient'
[2020.09.20-01.48.03:775][  0]LogTargetPlatformManager: Display: Loaded TargetPlatform 'Android_ETC2Client'
[2020.09.20-01.48.03:775][  0]LogTargetPlatformManager: Display: Loaded TargetPlatform 'Android_Multi'
[2020.09.20-01.48.03:775][  0]LogTargetPlatformManager: Display: Loaded TargetPlatform 'Android_MultiClient'
[2020.09.20-01.48.03:792][  0]LogTargetPlatformManager: Display: Loaded TargetPlatform 'IOSClient'
[2020.09.20-01.48.03:792][  0]LogTargetPlatformManager: Display: Loaded TargetPlatform 'IOS'
[2020.09.20-01.48.03:800][  0]LogTargetPlatformManager: Display: Loaded TargetPlatform 'Linux'
[2020.09.20-01.48.03:807][  0]LogTargetPlatformManager: Display: Loaded TargetPlatform 'LinuxNoEditor'
[2020.09.20-01.48.03:815][  0]LogTargetPlatformManager: Display: Loaded TargetPlatform 'LinuxClient'
[2020.09.20-01.48.03:822][  0]LogTargetPlatformManager: Display: Loaded TargetPlatform 'LinuxServer'
[2020.09.20-01.48.03:830][  0]LogTargetPlatformManager: Display: Loaded TargetPlatform 'LinuxAArch64NoEditor'
[2020.09.20-01.48.03:838][  0]LogTargetPlatformManager: Display: Loaded TargetPlatform 'LinuxAArch64Client'
[2020.09.20-01.48.03:846][  0]LogTargetPlatformManager: Display: Loaded TargetPlatform 'LinuxAArch64Server'
[2020.09.20-01.48.03:869][  0]LogTargetPlatformManager: Display: Loaded TargetPlatform 'Lumin'
[2020.09.20-01.48.03:869][  0]LogTargetPlatformManager: Display: Loaded TargetPlatform 'LuminClient'
[2020.09.20-01.48.03:881][  0]LogTargetPlatformManager: Display: Loaded TargetPlatform 'TVOSClient'
[2020.09.20-01.48.03:881][  0]LogTargetPlatformManager: Display: Loaded TargetPlatform 'TVOS'
[2020.09.20-01.48.03:888][  0]LogTargetPlatformManager: Display: Loaded TargetPlatform 'WindowsNoEditor'
[2020.09.20-01.48.03:896][  0]LogTargetPlatformManager: Display: Loaded TargetPlatform 'Windows'
[2020.09.20-01.48.03:903][  0]LogTargetPlatformManager: Display: Loaded TargetPlatform 'WindowsClient'
[2020.09.20-01.48.03:910][  0]LogTargetPlatformManager: Display: Loaded TargetPlatform 'WindowsServer'
[2020.09.20-01.48.03:910][  0]LogTargetPlatformManager: Display: Building Assets For Windows
[2020.09.20-01.48.03:916][  0]LogAudioDebug: Display: Lib vorbis DLL was dynamically loaded.
[2020.09.20-01.48.03:958][  0]LogShaderCompilers: Guid format shader working directory is -3 characters bigger than the processId version (C:/Users/realf/Documents/Unreal Projects/Shooter/Intermediate/Shaders/WorkingDirectory/16168/).
[2020.09.20-01.48.03:958][  0]LogShaderCompilers: Cleaned the shader compiler working directory 'C:/Users/realf/AppData/Local/Temp/UnrealShaderWorkingDir/0395D8AB41DA4B44589417AF0D1CCF86/'.
[2020.09.20-01.48.03:958][  0]LogXGEController: Cannot use XGE Controller as Incredibuild is not installed on this machine.
[2020.09.20-01.48.03:958][  0]LogShaderCompilers: Cannot use XGE Shader Compiler as Incredibuild is not installed on this machine.
[2020.09.20-01.48.03:958][  0]LogShaderCompilers: Display: Using Local Shader Compiler.
[2020.09.20-01.48.04:581][  0]LogDerivedDataCache: Display: Max Cache Size: 512 MB
[2020.09.20-01.48.04:634][  0]LogDerivedDataCache: Loaded boot cache 0.05s 75MB C:/Users/realf/AppData/Local/UnrealEngine/4.25/DerivedDataCache/Boot.ddc.
[2020.09.20-01.48.04:634][  0]LogDerivedDataCache: Display: Loaded Boot cache: C:/Users/realf/AppData/Local/UnrealEngine/4.25/DerivedDataCache/Boot.ddc
[2020.09.20-01.48.04:634][  0]LogDerivedDataCache: FDerivedDataBackendGraph:  Pak pak cache file C:/Users/realf/Documents/Unreal Projects/Shooter/DerivedDataCache/DDC.ddp not found, will not use a pak cache.
[2020.09.20-01.48.04:634][  0]LogDerivedDataCache: Unable to find inner node Pak for hierarchical cache Hierarchy.
[2020.09.20-01.48.04:634][  0]LogDerivedDataCache: FDerivedDataBackendGraph:  CompressedPak pak cache file C:/Users/realf/Documents/Unreal Projects/Shooter/DerivedDataCache/Compressed.ddp not found, will not use a pak cache.
[2020.09.20-01.48.04:634][  0]LogDerivedDataCache: Unable to find inner node CompressedPak for hierarchical cache Hierarchy.
[2020.09.20-01.48.04:643][  0]LogDerivedDataCache: Display: Pak cache opened for reading ../../../Engine/DerivedDataCache/Compressed.ddp.
[2020.09.20-01.48.04:643][  0]LogDerivedDataCache: FDerivedDataBackendGraph:  EnterprisePak pak cache file ../../../Enterprise/DerivedDataCache/Compressed.ddp not found, will not use a pak cache.
[2020.09.20-01.48.04:643][  0]LogDerivedDataCache: Unable to find inner node EnterprisePak for hierarchical cache Hierarchy.
[2020.09.20-01.48.04:644][  0]LogDerivedDataCache: Using Local data cache path C:/Users/realf/AppData/Local/UnrealEngine/Common/DerivedDataCache: Writable
[2020.09.20-01.48.04:644][  0]LogDerivedDataCache: Shared data cache path not found in *engine.ini, will not use an Shared cache.
[2020.09.20-01.48.04:644][  0]LogDerivedDataCache: Unable to find inner node Shared for hierarchical cache Hierarchy.
[2020.09.20-01.48.04:687][  0]LogSlate: Using FreeType 2.10.0
[2020.09.20-01.48.04:687][  0]LogSlate: SlateFontServices - WITH_FREETYPE: 1, WITH_HARFBUZZ: 1
[2020.09.20-01.48.04:707][  0]LogAssetRegistry: FAssetRegistry took 0.0021 seconds to start up
[2020.09.20-01.48.04:902][  0]LogInit: Selected Device Profile: [Windows]
[2020.09.20-01.48.04:991][  0]LogMeshReduction: Using QuadricMeshReduction for automatic static mesh reduction
[2020.09.20-01.48.04:991][  0]LogMeshReduction: Using SimplygonMeshReduction for automatic skeletal mesh reduction
[2020.09.20-01.48.04:991][  0]LogMeshReduction: Using ProxyLODMeshReduction for automatic mesh merging
[2020.09.20-01.48.04:991][  0]LogMeshReduction: No distributed automatic mesh merging module available
[2020.09.20-01.48.04:991][  0]LogMeshMerging: No distributed automatic mesh merging module available
[2020.09.20-01.48.05:004][  0]LogNetVersion: Shooter 1.0.0, NetCL: 13144385, EngineNetVer: 14, GameNetVer: 0 (Checksum: 2619808448)
[2020.09.20-01.48.05:338][  0]LogAISub: UAISubsystem::UAISubsystem AISubsystem (000001F12AF4DB80), frame # 0
[2020.09.20-01.48.05:338][  0]LogAISub: UAISubsystem::UAISubsystem AIPerceptionSystem (000001F12AE96AC0), frame # 0
[2020.09.20-01.48.05:339][  0]LogAISub: UAISubsystem::UAISubsystem EnvQueryManager (000001F12AEF1E00), frame # 0
[2020.09.20-01.48.05:397][  0]LogPackageLocalizationCache: Processed 22 localized package path(s) for 1 prioritized culture(s) in 0.052039 seconds
[2020.09.20-01.48.05:402][  0]LogUObjectArray: 15917 objects as part of root set at end of initial load.
[2020.09.20-01.48.05:402][  0]LogUObjectAllocator: 3965568 out of 0 bytes used by permanent object pool.
[2020.09.20-01.48.05:402][  0]LogUObjectArray: CloseDisregardForGC: 0/0 objects in disregard for GC pool
[2020.09.20-01.48.05:582][  0]LogPython: Using Python 2.7.14
[2020.09.20-01.48.06:206][  0]LogTcpMessaging: Initializing TcpMessaging bridge
[2020.09.20-01.48.06:209][  0]LogUdpMessaging: Initializing bridge on interface 0.0.0.0:0 to multicast group 230.0.0.1:6666.
[2020.09.20-01.48.06:280][  0]SourceControl: Source control is disabled
[2020.09.20-01.48.06:280][  0]SourceControl: Source control is disabled
[2020.09.20-01.48.06:283][  0]SourceControl: Source control is disabled
[2020.09.20-01.48.06:285][  0]SourceControl: Source control is disabled
[2020.09.20-01.48.06:289][  0]SourceControl: Source control is disabled
[2020.09.20-01.48.06:300][  0]LogVSAccessor: Display: Unable to create Visual Studio setup instance: 80040154
[2020.09.20-01.48.06:300][  0]LogVSAccessor: Display: Unable to create Visual Studio setup instance: 80040154
[2020.09.20-01.48.06:520][  0]LogAndroidPermission: UAndroidPermissionCallbackProxy::GetInstance
[2020.09.20-01.48.06:544][  0]LogAudioCaptureCore: Display: No Audio Capture implementations found. Audio input will be silent.
[2020.09.20-01.48.06:544][  0]LogAudioCaptureCore: Display: No Audio Capture implementations found. Audio input will be silent.
[2020.09.20-01.48.06:597][  0]LogOcInput: OculusInput pre-init called
[2020.09.20-01.48.06:605][  0]LogWindows: Failed to load 'OVRPlugin.dll' (GetLastError=126)
[2020.09.20-01.48.06:605][  0]LogWindows: File 'OVRPlugin.dll' does not exist
[2020.09.20-01.48.06:919][  0]LogEngine: Initializing Engine...
[2020.09.20-01.48.06:920][  0]LogHMD: Failed to initialize OpenVR with code 110
[2020.09.20-01.48.06:920][  0]LogMagicLeap: Warning: VR disabled because ZI is not enabled.  To enable, in the editor, Edit -> Project Settings -> Plugins -> Magic Leap Plugin -> Enable Zero Iteration
[2020.09.20-01.48.06:920][  0]LogStats: UGameplayTagsManager::InitializeManager -  0.000 s
[2020.09.20-01.48.07:042][  0]LogInit: Initializing FReadOnlyCVARCache
[2020.09.20-01.48.07:051][  0]LogAIModule: Creating AISystem for world Untitled
[2020.09.20-01.48.07:051][  0]LogAISub: UAISubsystem::UAISubsystem EnvQueryManager (000001F13A39DC00), frame # 0
[2020.09.20-01.48.07:051][  0]LogAISub: UAISubsystem::UAISubsystem AIPerceptionSystem (000001F13A3E1800), frame # 0
[2020.09.20-01.48.07:071][  0]LogAudioMixer: Display: Audio Mixer Platform Settings:
[2020.09.20-01.48.07:071][  0]LogAudioMixer: Display: 	Sample Rate:						  48000
[2020.09.20-01.48.07:071][  0]LogAudioMixer: Display: 	Callback Buffer Frame Size Requested: 1024
[2020.09.20-01.48.07:071][  0]LogAudioMixer: Display: 	Callback Buffer Frame Size To Use:	  1024
[2020.09.20-01.48.07:071][  0]LogAudioMixer: Display: 	Number of buffers to queue:			  2
[2020.09.20-01.48.07:071][  0]LogAudioMixer: Display: 	Max Channels (voices):				  32
[2020.09.20-01.48.07:071][  0]LogAudioMixer: Display: 	Number of Async Source Workers:		  0
[2020.09.20-01.48.07:071][  0]LogAudio: Display: AudioDevice MaxSources: 32
[2020.09.20-01.48.07:072][  0]LogAudio: Display: Using built-in audio occlusion.
[2020.09.20-01.48.07:072][  0]LogAudioMixer: Display: Initializing audio mixer.
[2020.09.20-01.48.07:082][  0]LogAudioMixer: Display: 0: FrontLeft
[2020.09.20-01.48.07:082][  0]LogAudioMixer: Display: 1: FrontRight
[2020.09.20-01.48.07:111][  0]LogAudioMixer: Display: Using Audio Device CABLE Input (VB-Audio Virtual Cable)
[2020.09.20-01.48.07:114][  0]LogAudioMixer: Display: Initializing Sound Submixes...
[2020.09.20-01.48.07:115][  0]LogAudioMixer: Display: Creating Master Submix 'MasterSubmixDefault'
[2020.09.20-01.48.07:115][  0]LogAudioMixer: Display: Creating Master Submix 'MasterReverbSubmixDefault'
[2020.09.20-01.48.07:116][  0]LogAudioMixer: Display: Creating Master Submix 'MasterEQSubmixDefault'
[2020.09.20-01.48.07:117][  0]LogInit: FAudioDevice initialized.
[2020.09.20-01.48.07:117][  0]LogNetVersion: Set ProjectVersion to 1.0.0.0. Version Checksum will be recalculated on next use.
[2020.09.20-01.48.07:200][  0]LogDerivedDataCache: Saved boot cache 0.08s 75MB C:/Users/realf/AppData/Local/UnrealEngine/4.25/DerivedDataCache/Boot.ddc.
[2020.09.20-01.48.07:203][  0]LogInit: Texture streaming: Enabled
[2020.09.20-01.48.07:216][  0]LogEngineSessionManager: EngineSessionManager initialized
[2020.09.20-01.48.07:216][  0]LogEditorSessionSummary: Verbose: Initializing EditorSessionSummaryWriter for editor session tracking
[2020.09.20-01.48.07:217][  0]LogEditorSessionSummary: EditorSessionSummaryWriter initialized
[2020.09.20-01.48.07:256][  0]LogInit: Transaction tracking system initialized
[2020.09.20-01.48.07:272][  0]BlueprintLog: New page: Editor Load
[2020.09.20-01.48.07:327][  0]LocalizationService: Localization service is disabled
[2020.09.20-01.48.07:403][  0]LogVSAccessor: Display: Unable to create Visual Studio setup instance: 80040154
[2020.09.20-01.48.07:403][  0]LogVSAccessor: Display: Unable to create Visual Studio setup instance: 80040154
[2020.09.20-01.48.07:454][  0]LogCook: Display: Max memory allowance for cook 16384mb min free memory 0mb
[2020.09.20-01.48.07:454][  0]LogCook: Display: Mobile HDR setting 1
[2020.09.20-01.48.07:571][  0]LogFileCache: Scanning file cache for directory 'C:/Users/realf/Documents/Unreal Projects/Shooter/Content/' took 0.00s
[2020.09.20-01.48.07:731][  0]SourceControl: Source control is disabled
[2020.09.20-01.48.07:731][  0]LogUnrealEdMisc: Loading editor; pre map load, took 5.516
[2020.09.20-01.48.07:731][  0]Cmd: MAP LOAD FILE="../../../Engine/Content/Maps/Templates/Template_Default.umap" TEMPLATE=1 SHOWPROGRESS=1 FEATURELEVEL=3
[2020.09.20-01.48.07:731][  0]LightingResults: New page: Lighting Build
[2020.09.20-01.48.07:733][  0]LogWorld: UWorld::CleanupWorld for Untitled, bSessionEnded=true, bCleanupResources=true
[2020.09.20-01.48.07:733][  0]LogSlate: InvalidateAllWidgets triggered.  All widgets were invalidated
[2020.09.20-01.48.07:733][  0]MapCheck: New page: Map Check
[2020.09.20-01.48.07:733][  0]LightingResults: New page: Lighting Build
[2020.09.20-01.48.07:747][  0]LogAISub: UAISubsystem::~UAISubsystem EnvQueryManager (000001F13A39DC00), frame # 0
[2020.09.20-01.48.07:747][  0]LogAISub: UAISubsystem::~UAISubsystem AIPerceptionSystem (000001F13A3E1800), frame # 0
[2020.09.20-01.48.07:748][  0]LogUObjectHash: Compacting FUObjectHashTables data took   0.63ms
[2020.09.20-01.48.07:803][  0]LogAIModule: Creating AISystem for world Untitled_1
[2020.09.20-01.48.07:803][  0]LogAISub: UAISubsystem::UAISubsystem EnvQueryManager (000001F11BB1DC00), frame # 0
[2020.09.20-01.48.07:803][  0]LogAISub: UAISubsystem::UAISubsystem AIPerceptionSystem (000001F1399A5D00), frame # 0
[2020.09.20-01.48.07:805][  0]LogEditorServer: Finished looking for orphan Actors (0.000 secs)
[2020.09.20-01.48.07:814][  0]LogUObjectHash: Compacting FUObjectHashTables data took   1.08ms
[2020.09.20-01.48.07:814][  0]Cmd: MAP CHECKDEP NOCLEARLOG
[2020.09.20-01.48.07:815][  0]MapCheck: Map check complete: 0 Error(s), 0 Warning(s), took 0.159ms to complete.
[2020.09.20-01.48.07:815][  0]LogFileHelpers: Loading map 'Template_Default' took 0.084
[2020.09.20-01.48.07:816][  0]LogUnrealEdMisc: Total Editor Startup Time, took 5.602
[2020.09.20-01.48.07:933][  0]LogSlate: Updating window title bar state: overlay mode, drag disabled, window buttons hidden, title bar hidden
[2020.09.20-01.48.07:940][  0]LogSlate: Updating window title bar state: overlay mode, drag disabled, window buttons hidden, title bar hidden
[2020.09.20-01.48.07:947][  0]LogSlate: Updating window title bar state: overlay mode, drag disabled, window buttons hidden, title bar hidden
[2020.09.20-01.48.07:953][  0]LogSlate: Updating window title bar state: overlay mode, drag disabled, window buttons hidden, title bar hidden
[2020.09.20-01.48.07:958][  0]LogCollectionManager: Loaded 0 collections in 0.000690 seconds
[2020.09.20-01.48.07:969][  0]LogFileCache: Scanning file cache for directory 'C:/Users/realf/Documents/Unreal Projects/Shooter/Saved/Collections/' took 0.00s
[2020.09.20-01.48.07:969][  0]LogFileCache: Scanning file cache for directory 'C:/Users/realf/Documents/Unreal Projects/Shooter/Content/Developers/realf/Collections/' took 0.00s
[2020.09.20-01.48.07:969][  0]LogFileCache: Scanning file cache for directory 'C:/Users/realf/Documents/Unreal Projects/Shooter/Content/Collections/' took 0.00s
[2020.09.20-01.48.07:969][  0]LogContentBrowser: Native class hierarchy populated in 0.0081 seconds. Added 3448 classes and 831 folders.
[2020.09.20-01.48.07:972][  0]LogContentBrowser: Native class hierarchy updated for 'WidgetCarousel' in 0.0002 seconds. Added 0 classes and 0 folders.
[2020.09.20-01.48.08:008][  0]LogContentBrowser: Native class hierarchy updated for 'AddContentDialog' in 0.0002 seconds. Added 0 classes and 0 folders.
[2020.09.20-01.48.08:009][  0]LogContentBrowser: Native class hierarchy updated for 'SceneOutliner' in 0.0002 seconds. Added 2 classes and 0 folders.
[2020.09.20-01.48.08:030][  0]LogSlate: Took 0.000162 seconds to synchronously load lazily loaded font '../../../Engine/Content/Slate/Fonts/Roboto-Regular.ttf' (155K)
[2020.09.20-01.48.08:031][  0]LogSlate: Took 0.000149 seconds to synchronously load lazily loaded font '../../../Engine/Content/Slate/Fonts/Roboto-Bold.ttf' (160K)
[2020.09.20-01.48.08:034][  0]LogSlate: Took 0.000217 seconds to synchronously load lazily loaded font '../../../Engine/Content/Editor/Slate/Fonts/FontAwesome.ttf' (139K)
[2020.09.20-01.48.08:090][  0]LogRenderer: Reallocating scene render targets to support 1172x600 Format 10 NumSamples 1 (Frame:1).
[2020.09.20-01.48.08:160][  0]LogContentBrowser: Native class hierarchy updated for 'HierarchicalLODOutliner' in 0.0003 seconds. Added 0 classes and 0 folders.
[2020.09.20-01.48.08:160][  0]LogLoad: (Engine Initialization) Total time: 5.94 seconds
[2020.09.20-01.48.08:160][  0]LogLoad: (Engine Initialization) Total Blueprint compile time: 0.00 seconds
[2020.09.20-01.48.08:192][  0]LogAssetRegistry: Asset discovery search completed in 3.4856 seconds
[2020.09.20-01.48.08:195][  0]LogCollectionManager: Fixed up redirectors for 0 collections in 0.000002 seconds (updated 0 objects)
[2020.09.20-01.48.08:196][  0]LogContentStreaming: Texture pool size now 1000 MB
[2020.09.20-01.48.08:223][  0]LogSlate: Took 0.000113 seconds to synchronously load lazily loaded font '../../../Engine/Content/Slate/Fonts/Roboto-Light.ttf' (167K)
[2020.09.20-01.48.10:813][306]LogSlate: Took 0.000126 seconds to synchronously load lazily loaded font '../../../Engine/Content/Slate/Fonts/Roboto-Light.ttf' (167K)
[2020.09.20-01.48.10:847][306]LogAssetEditorSubsystem: Opening Asset editor for World /Game/Maps/FirstMap.FirstMap
[2020.09.20-01.48.10:855][306]LogUObjectHash: Compacting FUObjectHashTables data took   0.46ms
[2020.09.20-01.48.10:860][306]Cmd: MAP LOAD FILE="C:/Users/realf/Documents/Unreal Projects/Shooter/Content/Maps/FirstMap.umap" TEMPLATE=0 SHOWPROGRESS=1 FEATURELEVEL=3
[2020.09.20-01.48.10:860][306]LightingResults: New page: Lighting Build
[2020.09.20-01.48.10:860][306]LoadErrors: New page: Loading map: FirstMap.umap
[2020.09.20-01.48.10:892][306]LogWorld: UWorld::CleanupWorld for Untitled_1, bSessionEnded=true, bCleanupResources=true
[2020.09.20-01.48.10:892][306]LogSlate: InvalidateAllWidgets triggered.  All widgets were invalidated
[2020.09.20-01.48.10:892][306]MapCheck: New page: Map Check
[2020.09.20-01.48.10:892][306]LightingResults: New page: Lighting Build
[2020.09.20-01.48.10:901][306]LogAISub: UAISubsystem::~UAISubsystem EnvQueryManager (000001F11BB1DC00), frame # 306
[2020.09.20-01.48.10:901][306]LogAISub: UAISubsystem::~UAISubsystem AIPerceptionSystem (000001F1399A5D00), frame # 306
[2020.09.20-01.48.10:901][306]LogUObjectHash: Compacting FUObjectHashTables data took   0.80ms
[2020.09.20-01.48.10:905][306]LogEditorServer: Finished looking for orphan Actors (0.000 secs)
[2020.09.20-01.48.10:905][306]LogAIModule: Creating AISystem for world FirstMap
[2020.09.20-01.48.10:905][306]LogAISub: UAISubsystem::UAISubsystem EnvQueryManager (000001F11BB1C800), frame # 306
[2020.09.20-01.48.10:905][306]LogAISub: UAISubsystem::UAISubsystem AIPerceptionSystem (000001F14A9C4400), frame # 306
[2020.09.20-01.48.10:914][306]LogUObjectHash: Compacting FUObjectHashTables data took   0.54ms
[2020.09.20-01.48.10:935][306]Cmd: MAP CHECKDEP NOCLEARLOG
[2020.09.20-01.48.10:936][306]MapCheck: Map check complete: 0 Error(s), 0 Warning(s), took 0.133ms to complete.
[2020.09.20-01.48.10:936][306]LogFileHelpers: Loading map 'FirstMap' took 0.075
[2020.09.20-01.48.22:245][932]LogAudioMixer: Display: Audio Buffer Underrun detected.
[2020.09.20-01.48.22:852][  3]LogTemp: Repeating last play command: Selected Viewport
[2020.09.20-01.48.22:865][  3]LogPlayLevel: PlayLevel: No blueprints needed recompiling
[2020.09.20-01.48.22:865][  3]PIE: New page: PIE session: FirstMap (Sep 20, 2020, 3:48:22 AM)
[2020.09.20-01.48.22:866][  3]LogOnline: OSS: Creating online subsystem instance for: NULL
[2020.09.20-01.48.22:867][  3]LogOnline: OSS: TryLoadSubsystemAndSetDefault: Loaded subsystem for module [NULL]
[2020.09.20-01.48.22:867][  3]LogPlayLevel: Creating play world package: /Game/Maps/UEDPIE_0_FirstMap
[2020.09.20-01.48.22:870][  3]LogPlayLevel: PIE: StaticDuplicateObject took: (0.002785s)
[2020.09.20-01.48.22:871][  3]LogAIModule: Creating AISystem for world FirstMap
[2020.09.20-01.48.22:871][  3]LogAISub: UAISubsystem::UAISubsystem EnvQueryManager (000001F11BB1F800), frame # 1003
[2020.09.20-01.48.22:871][  3]LogAISub: UAISubsystem::UAISubsystem AIPerceptionSystem (000001F14A9C5800), frame # 1003
[2020.09.20-01.48.22:871][  3]LogPlayLevel: PIE: World Init took: (0.000916s)
[2020.09.20-01.48.22:871][  3]LogPlayLevel: PIE: Created PIE world by copying editor world from /Game/Maps/FirstMap.FirstMap to /Game/Maps/UEDPIE_0_FirstMap.FirstMap (0.003817s)
[2020.09.20-01.48.22:879][  3]LogUObjectHash: Compacting FUObjectHashTables data took   0.48ms
[2020.09.20-01.48.22:882][  3]LogAudioMixer: Display: Audio Mixer Platform Settings:
[2020.09.20-01.48.22:882][  3]LogAudioMixer: Display: 	Sample Rate:						  48000
[2020.09.20-01.48.22:882][  3]LogAudioMixer: Display: 	Callback Buffer Frame Size Requested: 1024
[2020.09.20-01.48.22:882][  3]LogAudioMixer: Display: 	Callback Buffer Frame Size To Use:	  1024
[2020.09.20-01.48.22:882][  3]LogAudioMixer: Display: 	Number of buffers to queue:			  2
[2020.09.20-01.48.22:883][  3]LogAudioMixer: Display: 	Max Channels (voices):				  32
[2020.09.20-01.48.22:883][  3]LogAudioMixer: Display: 	Number of Async Source Workers:		  0
[2020.09.20-01.48.22:883][  3]LogAudio: Display: AudioDevice MaxSources: 32
[2020.09.20-01.48.22:883][  3]LogAudio: Display: Using built-in audio occlusion.
[2020.09.20-01.48.22:883][  3]LogAudioMixer: Display: Initializing audio mixer.
[2020.09.20-01.48.22:887][  3]LogAudioMixer: Display: 0: FrontLeft
[2020.09.20-01.48.22:887][  3]LogAudioMixer: Display: 1: FrontRight
[2020.09.20-01.48.22:897][  3]LogAudioMixer: Display: Using Audio Device CABLE Input (VB-Audio Virtual Cable)
[2020.09.20-01.48.22:897][  3]LogAudioMixer: Display: Initializing Sound Submixes...
[2020.09.20-01.48.22:897][  3]LogAudioMixer: Display: Creating Master Submix 'MasterSubmixDefault'
[2020.09.20-01.48.22:897][  3]LogAudioMixer: Display: Creating Master Submix 'MasterReverbSubmixDefault'
[2020.09.20-01.48.22:898][  3]LogAudioMixer: Display: Creating Master Submix 'MasterEQSubmixDefault'
[2020.09.20-01.48.22:912][  3]LogInit: FAudioDevice initialized.
[2020.09.20-01.48.22:940][  3]LogLoad: Game class is 'FPSGamemode_C'
[2020.09.20-01.48.22:941][  3]LogWorld: Bringing World /Game/Maps/UEDPIE_0_FirstMap.FirstMap up for play (max tick rate 0) at 2020.09.20-02.48.22
[2020.09.20-01.48.22:942][  3]LogWorld: Bringing up level for play took: 0.000516
[2020.09.20-01.48.22:942][  3]LogOnline: OSS: Creating online subsystem instance for: :Context_1
[2020.09.20-01.48.22:944][  3]LogContentBrowser: Native class hierarchy updated for 'MovieSceneCapture' in 0.0003 seconds. Added 20 classes and 0 folders.
[2020.09.20-01.48.22:945][  3]PIE: Server logged in
[2020.09.20-01.48.22:946][  3]PIE: Play in editor total start time 0.081 seconds.
[2020.09.20-01.49.25:892][461]LogSlate: Updating window title bar state: overlay mode, drag disabled, window buttons hidden, title bar hidden
[2020.09.20-01.49.25:893][461]LogWorld: BeginTearingDown for /Game/Maps/UEDPIE_0_FirstMap
[2020.09.20-01.49.25:893][461]LogWorld: UWorld::CleanupWorld for FirstMap, bSessionEnded=true, bCleanupResources=true
[2020.09.20-01.49.25:893][461]LogSlate: InvalidateAllWidgets triggered.  All widgets were invalidated
[2020.09.20-01.49.25:899][461]LogPlayLevel: Display: Shutting down PIE online subsystems
[2020.09.20-01.49.25:901][461]LogSlate: InvalidateAllWidgets triggered.  All widgets were invalidated
[2020.09.20-01.49.25:908][461]LogSlate: Updating window title bar state: overlay mode, drag disabled, window buttons hidden, title bar hidden
[2020.09.20-01.49.25:924][461]LogAISub: UAISubsystem::~UAISubsystem EnvQueryManager (000001F11BB1F800), frame # 8461
[2020.09.20-01.49.25:924][461]LogAISub: UAISubsystem::~UAISubsystem AIPerceptionSystem (000001F14A9C5800), frame # 8461
[2020.09.20-01.49.25:925][461]LogUObjectHash: Compacting FUObjectHashTables data took   0.82ms
[2020.09.20-01.49.25:957][463]LogPlayLevel: Display: Destroying online subsystem :Context_1
[2020.09.20-01.50.09:917][471]LogAssetEditorSubsystem: Opening Asset editor for Blueprint /Game/Blueprints/FPSController.FPSController
[2020.09.20-01.50.10:088][471]LogContentBrowser: Native class hierarchy updated for 'BlueprintGraph' in 0.0004 seconds. Added 125 classes and 0 folders.
[2020.09.20-01.50.10:846][471]LogSlate: Took 0.000233 seconds to synchronously load lazily loaded font '../../../Engine/Content/Slate/Fonts/Roboto-BoldCondensed.ttf' (158K)
[2020.09.20-01.50.11:085][472]LogSlate: Took 0.000156 seconds to synchronously load lazily loaded font '../../../Engine/Content/Slate/Fonts/Roboto-Italic.ttf' (157K)
[2020.09.20-01.50.38:609][526]LogSlate: Window 'FPSController' being destroyed
[2020.09.20-01.50.38:611][526]LogSlate: Window 'FPSController' being destroyed
[2020.09.20-01.50.38:672][526]LogWorld: UWorld::CleanupWorld for World_0, bSessionEnded=true, bCleanupResources=true
[2020.09.20-01.50.38:672][526]LogSlate: InvalidateAllWidgets triggered.  All widgets were invalidated
[2020.09.20-01.51.40:727][668]LogAssetEditorSubsystem: Opening Asset editor for MaterialInstanceConstant /Game/Megascans/Surfaces/Rough_Concrete_2x2_M_00/Rough_Concrete_2x2_M_00_inst.Rough_Concrete_2x2_M_00_inst
[2020.09.20-01.51.52:842][ 25]LogSlate: Window 'Rough_Concrete_2x2_M_00_inst' being destroyed
[2020.09.20-01.51.52:846][ 25]LogSlate: Window 'Rough_Concrete_2x2_M_00_inst' being destroyed
[2020.09.20-01.51.52:912][ 25]LogWorld: UWorld::CleanupWorld for World_2, bSessionEnded=true, bCleanupResources=true
[2020.09.20-01.51.52:912][ 25]LogSlate: InvalidateAllWidgets triggered.  All widgets were invalidated
[2020.09.20-01.58.59:906][145]MapCheck: New page: Map Check
[2020.09.20-01.58.59:923][145]Cmd: MAP REBUILD ALLVISIBLE
[2020.09.20-01.58.59:923][145]LogEditorServer: Rebuildmap Clear paths rebuilt
[2020.09.20-01.58.59:934][145]LogWorld: UWorld::CleanupWorld for FirstMap, bSessionEnded=true, bCleanupResources=false
[2020.09.20-01.58.59:940][145]LogNavigationDataBuild: Display: UNavigationSystemV1::Build started...
[2020.09.20-01.58.59:941][145]LogNavigationDataBuild: Display:    Building navigation data using PHYSICS_INTERFACE_PHYSX.
[2020.09.20-01.58.59:941][145]LogNavigationDataBuild: Display:    Building navigation data using WITH_PHYSX.
[2020.09.20-01.58.59:965][145]LogUObjectHash: Compacting FUObjectHashTables data took   1.62ms
[2020.09.20-01.58.59:977][145]LogMaterial: Display: Missing cached shader map for material DebugViewMode MaterialTexCoordScale, compiling. Is special engine material.
[2020.09.20-01.59.00:007][145]LogMaterial: Display: Missing cached shader map for material DebugViewMode MaterialTexCoordScale, compiling. 
[2020.09.20-01.59.05:797][145]LogShaderCompilers: Display: Worker (1/3): shaders left to compile 50
[2020.09.20-01.59.05:797][145]LogShaderCompilers: Display: Worker (2/3): shaders left to compile 49
[2020.09.20-01.59.05:797][145]LogShaderCompilers: Display: Worker (2/3): shaders left to compile 50
[2020.09.20-01.59.05:797][145]LogShaderCompilers: Display: Worker (1/3): shaders left to compile 49
[2020.09.20-01.59.05:797][145]LogShaderCompilers: Display: Worker (2/3): shaders left to compile 48
[2020.09.20-01.59.05:797][145]LogShaderCompilers: Display: Worker (1/3): shaders left to compile 47
[2020.09.20-01.59.05:798][145]LogShaderCompilers: Display: Worker (2/3): shaders left to compile 46
[2020.09.20-01.59.05:798][145]LogShaderCompilers: Display: Worker (1/3): shaders left to compile 45
[2020.09.20-01.59.05:798][145]LogShaderCompilers: Display: Worker (1/3): shaders left to compile 44
[2020.09.20-01.59.05:798][145]LogShaderCompilers: Display: Worker (2/3): shaders left to compile 43
[2020.09.20-01.59.05:798][145]LogShaderCompilers: Display: Worker (1/3): shaders left to compile 42
[2020.09.20-01.59.05:798][145]LogShaderCompilers: Display: Worker (2/3): shaders left to compile 41
[2020.09.20-01.59.05:798][145]LogShaderCompilers: Display: Worker (2/3): shaders left to compile 40
[2020.09.20-01.59.05:798][145]LogShaderCompilers: Display: Worker (1/3): shaders left to compile 39
[2020.09.20-01.59.05:798][145]LogShaderCompilers: Display: Worker (1/3): shaders left to compile 38
[2020.09.20-01.59.05:798][145]LogShaderCompilers: Display: Worker (2/3): shaders left to compile 37
[2020.09.20-01.59.05:798][145]LogShaderCompilers: Display: Worker (2/3): shaders left to compile 36
[2020.09.20-01.59.05:798][145]LogShaderCompilers: Display: Worker (1/3): shaders left to compile 35
[2020.09.20-01.59.05:798][145]LogShaderCompilers: Display: Worker (2/3): shaders left to compile 34
[2020.09.20-01.59.05:798][145]LogShaderCompilers: Display: Worker (1/3): shaders left to compile 33
[2020.09.20-01.59.05:798][145]LogShaderCompilers: Display: Worker (2/3): shaders left to compile 32
[2020.09.20-01.59.05:798][145]LogShaderCompilers: Display: Worker (1/3): shaders left to compile 31
[2020.09.20-01.59.05:798][145]LogShaderCompilers: Display: Worker (2/3): shaders left to compile 30
[2020.09.20-01.59.05:798][145]LogShaderCompilers: Display: Worker (1/3): shaders left to compile 29
[2020.09.20-01.59.05:798][145]LogShaderCompilers: Display: Worker (1/3): shaders left to compile 28
[2020.09.20-01.59.05:798][145]LogShaderCompilers: Display: Worker (2/3): shaders left to compile 27
[2020.09.20-01.59.05:798][145]LogShaderCompilers: Display: Worker (1/3): shaders left to compile 26
[2020.09.20-01.59.05:798][145]LogShaderCompilers: Display: Worker (2/3): shaders left to compile 25
[2020.09.20-01.59.05:798][145]LogShaderCompilers: Display: Worker (1/3): shaders left to compile 24
[2020.09.20-01.59.05:798][145]LogShaderCompilers: Display: Worker (2/3): shaders left to compile 23
[2020.09.20-01.59.05:798][145]LogShaderCompilers: Display: Worker (2/3): shaders left to compile 22
[2020.09.20-01.59.05:798][145]LogShaderCompilers: Display: Worker (1/3): shaders left to compile 21
[2020.09.20-01.59.05:798][145]LogShaderCompilers: Display: Worker (1/3): shaders left to compile 20
[2020.09.20-01.59.05:798][145]LogShaderCompilers: Display: Worker (2/3): shaders left to compile 19
[2020.09.20-01.59.05:798][145]LogShaderCompilers: Display: Worker (1/3): shaders left to compile 18
[2020.09.20-01.59.05:798][145]LogShaderCompilers: Display: Worker (2/3): shaders left to compile 17
[2020.09.20-01.59.05:798][145]LogShaderCompilers: Display: Worker (2/3): shaders left to compile 16
[2020.09.20-01.59.05:798][145]LogShaderCompilers: Display: Worker (1/3): shaders left to compile 15
[2020.09.20-01.59.05:798][145]LogShaderCompilers: Display: Worker (2/3): shaders left to compile 14
[2020.09.20-01.59.05:798][145]LogShaderCompilers: Display: Worker (1/3): shaders left to compile 13
[2020.09.20-01.59.05:798][145]LogShaderCompilers: Display: Worker (1/3): shaders left to compile 12
[2020.09.20-01.59.05:798][145]LogShaderCompilers: Display: Worker (2/3): shaders left to compile 11
[2020.09.20-01.59.05:798][145]LogShaderCompilers: Display: Worker (1/3): shaders left to compile 10
[2020.09.20-01.59.05:798][145]LogShaderCompilers: Display: Worker (2/3): shaders left to compile 9
[2020.09.20-01.59.05:798][145]LogShaderCompilers: Display: Worker (2/3): shaders left to compile 8
[2020.09.20-01.59.05:798][145]LogShaderCompilers: Display: Worker (1/3): shaders left to compile 7
[2020.09.20-01.59.05:798][145]LogShaderCompilers: Display: Worker (1/3): shaders left to compile 6
[2020.09.20-01.59.05:798][145]LogShaderCompilers: Display: Worker (2/3): shaders left to compile 5
[2020.09.20-01.59.05:798][145]LogShaderCompilers: Display: Worker (2/3): shaders left to compile 4
[2020.09.20-01.59.05:798][145]LogShaderCompilers: Display: Worker (1/3): shaders left to compile 3
[2020.09.20-01.59.05:798][145]LogShaderCompilers: Display: Worker (2/3): shaders left to compile 2
[2020.09.20-01.59.05:798][145]LogShaderCompilers: Display: Worker (1/3): shaders left to compile 1
[2020.09.20-01.59.05:798][145]TextureStreamingBuild: Display: Compiling optional shaders took 5.826 seconds.
[2020.09.20-01.59.05:801][145]LogLevel: Display: Export Material TexCoord Scales took 0.003 seconds.
[2020.09.20-01.59.05:803][145]TextureStreamingBuild: Display: Build Texture Streaming took 0.002 seconds.
[2020.09.20-01.59.05:818][145]LogUObjectHash: Compacting FUObjectHashTables data took   1.33ms
[2020.09.20-01.59.05:823][145]LightingResults: New page: Lighting Build - Sep 20, 2020, 3:59:05 AM
[2020.09.20-01.59.05:853][145]LogSwarmInterface: [OpenConnection] Registering TCP channel ...
[2020.09.20-01.59.05:897][145]LogSwarmInterface: [OpenConnection] Connecting to agent ...
[2020.09.20-01.59.05:911][145]LogSwarmInterface: [TryOpenConnection] Testing the Agent
[2020.09.20-01.59.06:420][145]LogSwarmInterface: [TryOpenConnection] Opening Connection to Agent
[2020.09.20-01.59.06:420][145]LogSwarmInterface: [TryOpenConnection] Local Process ID is 16168
[2020.09.20-01.59.15:645][145]LogStaticLightingSystem: Warning: No importance volume found, so the scene bounding box was used.  You can optimize your scene's quality and lighting build times by adding importance volumes.
[2020.09.20-01.59.15:646][145]LogStaticLightingSystem: Running Lightmass w/ ImmediateImport mode ENABLED
[2020.09.20-01.59.15:646][145]LogStaticLightingSystem: Running Lightmass w/ ImmediateProcess mode ENABLED
[2020.09.20-01.59.15:646][145]LogStaticLightingSystem: Running Lightmass w/ Sorting mode ENABLED
[2020.09.20-01.59.15:646][145]LogStaticLightingSystem: Running Lightmass w/ Mapping paddings ENABLED
[2020.09.20-01.59.15:646][145]LogStaticLightingSystem: Running Lightmass w/ Mapping debug paddings DISABLED
[2020.09.20-01.59.15:757][145]Cmd: MAP CHECK DONTDISPLAYDIALOG
[2020.09.20-01.59.15:757][145]MapCheck: New page: FirstMap - Sep 20, 2020, 3:59:15 AM
[2020.09.20-01.59.15:758][145]MapCheck: Map check complete: 0 Error(s), 0 Warning(s), took 0.348ms to complete.
[2020.09.20-01.59.15:760][145]LogEditorBuildUtils: Build time 0:15
[2020.09.20-01.59.16:180][147]LogUObjectHash: Compacting FUObjectHashTables data took   0.33ms
[2020.09.20-01.59.17:541][151]Job is a success!
[2020.09.20-01.59.17:957][152]LogVolumetricLightmapImport: Imported Volumetric Lightmap in 0.010s
[2020.09.20-01.59.17:957][152]LogVolumetricLightmapImport:      Indirection Texture 16x16x16 = 0.0Mb
[2020.09.20-01.59.17:957][152]LogVolumetricLightmapImport:      BrickData (all levels) 0.3Mb
[2020.09.20-01.59.17:957][152]LogVolumetricLightmapImport:      Bricks at depth
[2020.09.20-01.59.17:957][152]LogVolumetricLightmapImport:          0: 1.6% covering 100.0% of volume
[2020.09.20-01.59.17:957][152]LogVolumetricLightmapImport:          1: 6.6% covering 6.3% of volume
[2020.09.20-01.59.17:957][152]LogVolumetricLightmapImport:          2: 91.8% covering 1.4% of volume
[2020.09.20-01.59.17:957][152]LogVolumetricLightmapImport:      Bricks in each level
[2020.09.20-01.59.17:957][152]LogVolumetricLightmapImport:          FirstMap 			 61 bricks 	 100.0% (Persistent Level)
[2020.09.20-01.59.18:062][152]LogTexture: Display: Building textures: HQ_Lightmap1_1 (AutoDXT, 512X512)
[2020.09.20-01.59.18:062][152]LogTexture: Display: Building textures: LQ_Lightmap_1_1 (DXT1, 512X512)
[2020.09.20-01.59.18:062][152]LogTexture: Display: Building textures: ShadowMapTexture2D_0 (G8, 512X256)
[2020.09.20-01.59.18:062][152]Lightmass on FOXICAL: 1.42 sec total, 114 ms importing, 21 ms setup, 96 ms photons, 1.11 sec processing, 0 ms extra exporting [11/11 mappings]. Threads: 5.55 sec total, 901 ms processing.
[2020.09.20-01.59.18:063][152]LogStaticLightingSystem: FirstMap_BuiltData storing lightmap data for 5 meshes in 1 LightmapResourceClusters (5.0 Meshes per cluster).
[2020.09.20-01.59.18:081][152]LogUObjectHash: Compacting FUObjectHashTables data took   1.22ms
[2020.09.20-01.59.18:108][152]LogStaticLightingSystem: Illumination: 11.9 sec (51 ms encoding lightmaps, 20 ms encoding shadowmaps)
[2020.09.20-01.59.18:108][152]LogStaticLightingSystem: Lightmap texture memory:  0.5 MB (0.0 MB streaming, 0.5 MB non-streaming), 2 textures
[2020.09.20-01.59.18:108][152]LogStaticLightingSystem: Shadowmap texture memory: 0.2 MB (0.0 MB streaming, 0.2 MB non-streaming), 1 textures
[2020.09.20-01.59.18:649][152]DumpUnbuiltLightIteractions
[2020.09.20-01.59.18:649][152]Lights with unbuilt interactions: 0
[2020.09.20-01.59.18:649][152]
[2020.09.20-01.59.18:649][152]Primitives with unbuilt interactions: 0
[2020.09.20-01.59.18:674][153]Cmd: MAP CHECK NOTIFYRESULTS
[2020.09.20-01.59.18:674][153]MapCheck: New page: FirstMap - Sep 20, 2020, 3:59:18 AM
[2020.09.20-01.59.18:675][153]MapCheck: Map check complete: 0 Error(s), 0 Warning(s), took 0.296ms to complete.
[2020.09.20-01.59.26:776][177]LogUObjectHash: Compacting FUObjectHashTables data took   1.21ms
[2020.09.20-01.59.26:778][177]Cmd: OBJ SAVEPACKAGE PACKAGE="/Game/Maps/FirstMap" FILE="C:/Users/realf/Documents/Unreal Projects/Shooter/Saved/Autosaves/Game/Maps/FirstMap_Auto1.umap" SILENT=true AUTOSAVING=true KEEPDIRTY=false
[2020.09.20-01.59.26:799][177]LogSavePackage: Moving 'C:/Users/realf/Documents/Unreal Projects/Shooter/Saved/FirstMap_Auto1D8B4C8574EEF0659164081900B43C788.tmp' to 'C:/Users/realf/Documents/Unreal Projects/Shooter/Saved/Autosaves/Game/Maps/FirstMap_Auto1.umap'
[2020.09.20-01.59.26:803][177]LogFileHelpers: Editor autosave (incl. sublevels) for '/Game/Maps/FirstMap' took 0.042
[2020.09.20-01.59.26:804][177]LogFileHelpers: Editor autosave (incl. sublevels) for all levels took 0.042
[2020.09.20-02.03.08:276][429]LogUObjectHash: Compacting FUObjectHashTables data took   1.67ms
[2020.09.20-02.03.08:297][429]Cmd: OBJ SAVEPACKAGE PACKAGE="/Game/Maps/FirstMap" FILE="C:/Users/realf/Documents/Unreal Projects/Shooter/Content/Maps/FirstMap.umap" SILENT=true AUTOSAVING=false KEEPDIRTY=false
[2020.09.20-02.03.08:314][429]LogUObjectHash: Compacting FUObjectHashTables data took   0.56ms
[2020.09.20-02.03.08:330][429]LogSavePackage: Moving 'C:/Users/realf/Documents/Unreal Projects/Shooter/Saved/FirstMap24B8D2874C8FCEB40DBF1D9CE71E98E6.tmp' to 'C:/Users/realf/Documents/Unreal Projects/Shooter/Content/Maps/FirstMap.umap'
[2020.09.20-02.03.08:357][429]LogFileHelpers: Saving map 'FirstMap' took 0.059
[2020.09.20-02.03.08:357][429]Cmd: OBJ SAVEPACKAGE PACKAGE="/Game/Maps/FirstMap_BuiltData" FILE="C:/Users/realf/Documents/Unreal Projects/Shooter/Content/Maps/FirstMap_BuiltData.uasset" SILENT=true
[2020.09.20-02.03.08:377][429]LogSavePackage: Moving 'C:/Users/realf/Documents/Unreal Projects/Shooter/Saved/FirstMap_BuiltDataD47627FC4C8B6E0B770F2AA5720338B0.tmp' to 'C:/Users/realf/Documents/Unreal Projects/Shooter/Content/Maps/FirstMap_BuiltData.uasset'
[2020.09.20-02.03.08:393][429]AssetCheck: New page: Asset Save: multiple assets
[2020.09.20-02.03.08:393][429]LogContentValidation: Display: Validating World /Game/Maps/FirstMap.FirstMap
[2020.09.20-02.03.08:393][429]LogContentValidation: Display: Validating MapBuildDataRegistry /Game/Maps/FirstMap_BuiltData.FirstMap_BuiltData
